<?xml version="1.0" encoding="UTF-8"?>
<testsuite xmlns:xsi="http://www.w3.org/2001/XMLSchema-instance" xsi:noNamespaceSchemaLocation="https://maven.apache.org/surefire/maven-failsafe-plugin/xsd/failsafe-test-report.xsd" name="testcases.SearchItemTest" time="105.764" tests="3" errors="0" skipped="0" failures="2">
  <properties>
[...]
</properties>
  <testcase name="searchItemTest[0]" classname="testcases.SearchItemTest" time="22.02"/>
  <testcase name="searchItemTest[1]" classname="testcases.SearchItemTest" time="22.043">
    <failure type="java.lang.AssertionError">java.lang.AssertionError
	at testcases.SearchItemTest.searchItemTest(SearchItemTest.java:45)
</failure>
    <system-out><![CDATA[&amp#27;[35m[HTTP]&amp#27;[39m &amp#27;[37m-->&amp#27;[39m &amp#27;[37mDELETE&amp#27;[39m &amp#27;[37m/wd/hub/session/5d8c89bc-3132-4891-b6e1-bcbcc50d4d17&amp#27;[39m
&amp#27;[35m[HTTP]&amp#27;[39m &amp#27;[90m{}&amp#27;[39m
[debug] &amp#27;[35m[W3C (5d8c89bc)]&amp#27;[39m Calling AppiumDriver.deleteSession() with args: ["5d8c89bc-3132-4891-b6e1-bcbcc50d4d17"]
[debug] &amp#27;[35m[BaseDriver]&amp#27;[39m Event 'quitSessionRequested' logged at 1593804140016 (00:52:20 GMT+0530 (India Standard Time))
&amp#27;[35m[Appium]&amp#27;[39m Removing session 5d8c89bc-3132-4891-b6e1-bcbcc50d4d17 from our master session list
[debug] &amp#27;[35m[UiAutomator2]&amp#27;[39m Deleting UiAutomator2 session
[debug] &amp#27;[35m[UiAutomator2]&amp#27;[39m Deleting UiAutomator2 server session
[debug] &amp#27;[35m[WD Proxy]&amp#27;[39m Matched '/' to command name 'deleteSession'
[debug] &amp#27;[35m[WD Proxy]&amp#27;[39m Proxying [DELETE /] to [DELETE http://127.0.0.1:8200/wd/hub/session/93aa09df-591a-4436-aa52-07b4154abc70] with no body
[debug] &amp#27;[35m[WD Proxy]&amp#27;[39m Got response with status 200: {"sessionId":"93aa09df-591a-4436-aa52-07b4154abc70","value":null}
[debug] &amp#27;[35m[ADB]&amp#27;[39m Running 'C:\Users\way2automation\AppData\Local\Android\Sdk\platform-tools\adb.exe -P 5037 -s 8e006adb shell am force-stop flipboard.app'
[debug] &amp#27;[35m[Logcat]&amp#27;[39m Stopping logcat capture
[debug] &amp#27;[35m[ADB]&amp#27;[39m Removing forwarded port socket connection: 8200 
[debug] &amp#27;[35m[ADB]&amp#27;[39m Running 'C:\Users\way2automation\AppData\Local\Android\Sdk\platform-tools\adb.exe -P 5037 -s 8e006adb forward --remove tcp\:8200'
&amp#27;[35m[UiAutomator2]&amp#27;[39m Restoring hidden api policy to the device default configuration
[debug] &amp#27;[35m[ADB]&amp#27;[39m Running 'C:\Users\way2automation\AppData\Local\Android\Sdk\platform-tools\adb.exe -P 5037 -s 8e006adb shell settings delete global hidden_api_policy_pre_p_apps'
[debug] &amp#27;[35m[ADB]&amp#27;[39m Running 'C:\Users\way2automation\AppData\Local\Android\Sdk\platform-tools\adb.exe -P 5037 -s 8e006adb shell settings delete global hidden_api_policy_p_apps'
[debug] &amp#27;[35m[Instrumentation]&amp#27;[39m .
[debug] &amp#27;[35m[ADB]&amp#27;[39m Running 'C:\Users\way2automation\AppData\Local\Android\Sdk\platform-tools\adb.exe -P 5037 -s 8e006adb shell settings delete global hidden_api_policy'
[debug] &amp#27;[35m[BaseDriver]&amp#27;[39m Event 'quitSessionFinished' logged at 1593804140674 (00:52:20 GMT+0530 (India Standard Time))
[debug] &amp#27;[35m[W3C (5d8c89bc)]&amp#27;[39m Received response: null
[debug] &amp#27;[35m[W3C (5d8c89bc)]&amp#27;[39m But deleting session, so not returning
[debug] &amp#27;[35m[W3C (5d8c89bc)]&amp#27;[39m Responding to client with driver.deleteSession() result: null
[debug] &amp#27;[35m[W3C (5d8c89bc)]&amp#27;[39m Destroying socket connection
&amp#27;[35m[HTTP]&amp#27;[39m &amp#27;[37m<-- DELETE /wd/hub/session/5d8c89bc-3132-4891-b6e1-bcbcc50d4d17 &amp#27;[39m&amp#27;[32m200&amp#27;[39m &amp#27;[90m660 ms - 14&amp#27;[39m
&amp#27;[35m[HTTP]&amp#27;[39m &amp#27;[90m&amp#27;[39m
&amp#27;[35m[HTTP]&amp#27;[39m &amp#27;[37m-->&amp#27;[39m &amp#27;[37mPOST&amp#27;[39m &amp#27;[37m/wd/hub/session&amp#27;[39m
&amp#27;[35m[HTTP]&amp#27;[39m &amp#27;[90m{"desiredCapabilities":{"app":"D:/workspaces/SerenityAppiumPrac/SerenityAppium/app/flipboard.apk","appActivity":"flipboard.activities.LaunchActivityAlias","appPackage":"flipboard.app","hub":"http://127.0.0.1:4723/wd/hub","platformVersion":"9.0","loggingPrefs":{},"platformName":"Android","deviceName":"andriod"},"capabilities":{"firstMatch":[{"appium:app":"D:/workspaces/SerenityAppiumPrac/SerenityAppium/app/flipboard.apk","appium:appActivity":"flipboard.activities.LaunchActivityAlias","appium:appPackage":"flipboard.app","appium:deviceName":"andriod","hub":"http://127.0.0.1:4723/wd/hub","loggingPrefs":{},"platformName":"android","appium:platformVersion":"9.0"}]}}&amp#27;[39m
[debug] &amp#27;[35m[W3C]&amp#27;[39m Calling AppiumDriver.createSession() with args: [{"app":"D:/workspaces/SerenityAppiumPrac/SerenityAppium/app/flipboard.apk","appActivity":"flipboard.activities.LaunchActivityAlias","appPackage":"flipboard.app","hub":"http://127.0.0.1:4723/wd/hub","platformVersion":"9.0","loggingPrefs":{},"platformName":"Android","deviceName":"andriod"},null,{"firstMatch":[{"appium:app":"D:/workspaces/SerenityAppiumPrac/SerenityAppium/app/flipboard.apk","appium:appActivity":"flipboard.activities.LaunchActivityAlias","appium:appPackage":"flipboard.app","appium:deviceName":"andriod","hub":"http://127.0.0.1:4723/wd/hub","loggingPrefs":{},"platformName":"android","appium:platformVersion":"9.0"}]}]
[debug] &amp#27;[35m[BaseDriver]&amp#27;[39m Event 'newSessionRequested' logged at 1593804140803 (00:52:20 GMT+0530 (India Standard Time))
&amp#27;[35m[BaseDriver]&amp#27;[39m The following capabilities are not standard capabilities and should have an extension prefix:
&amp#27;[35m[BaseDriver]&amp#27;[39m   hub
&amp#27;[35m[BaseDriver]&amp#27;[39m   loggingPrefs
&amp#27;[35m[Appium]&amp#27;[39m 
&amp#27;[35m[Appium]&amp#27;[39m ======================================================================
&amp#27;[35m[Appium]&amp#27;[39m   DEPRECATION WARNING:
&amp#27;[35m[Appium]&amp#27;[39m 
&amp#27;[35m[Appium]&amp#27;[39m   The 'automationName' capability was not provided in the desired 
&amp#27;[35m[Appium]&amp#27;[39m   capabilities for this Android session
&amp#27;[35m[Appium]&amp#27;[39m 
&amp#27;[35m[Appium]&amp#27;[39m   Setting 'automationName=UiAutomator2' by default and using the 
&amp#27;[35m[Appium]&amp#27;[39m   UiAutomator2 Driver
&amp#27;[35m[Appium]&amp#27;[39m 
&amp#27;[35m[Appium]&amp#27;[39m   The next major version of Appium (2.x) will **require** the 
&amp#27;[35m[Appium]&amp#27;[39m   'automationName' capability to be set for all sessions on all 
&amp#27;[35m[Appium]&amp#27;[39m   platforms
&amp#27;[35m[Appium]&amp#27;[39m 
&amp#27;[35m[Appium]&amp#27;[39m   In previous versions (Appium <= 1.13.x), the default was 
&amp#27;[35m[Appium]&amp#27;[39m   'automationName=UiAutomator1'
&amp#27;[35m[Appium]&amp#27;[39m 
&amp#27;[35m[Appium]&amp#27;[39m   If you wish to use that automation instead of UiAutomator2, please 
&amp#27;[35m[Appium]&amp#27;[39m   add 'automationName=UiAutomator1' to your desired capabilities
&amp#27;[35m[Appium]&amp#27;[39m 
&amp#27;[35m[Appium]&amp#27;[39m   For more information about drivers, please visit 
&amp#27;[35m[Appium]&amp#27;[39m   http://appium.io/docs/en/about-appium/intro/ and explore the 
&amp#27;[35m[Appium]&amp#27;[39m   'Drivers' menu
&amp#27;[35m[Appium]&amp#27;[39m 
&amp#27;[35m[Appium]&amp#27;[39m ======================================================================
&amp#27;[35m[Appium]&amp#27;[39m 
&amp#27;[35m[Appium]&amp#27;[39m Appium v1.17.0 creating new AndroidUiautomator2Driver (v1.44.2) session
[debug] &amp#27;[35m[BaseDriver]&amp#27;[39m W3C capabilities and MJSONWP desired capabilities were provided
[debug] &amp#27;[35m[BaseDriver]&amp#27;[39m Creating session with W3C capabilities: {
[debug] &amp#27;[35m[BaseDriver]&amp#27;[39m   "alwaysMatch": {
[debug] &amp#27;[35m[BaseDriver]&amp#27;[39m     "appium:hub": "http://127.0.0.1:4723/wd/hub",
[debug] &amp#27;[35m[BaseDriver]&amp#27;[39m     "appium:loggingPrefs": {},
[debug] &amp#27;[35m[BaseDriver]&amp#27;[39m     "platformName": "android",
[debug] &amp#27;[35m[BaseDriver]&amp#27;[39m     "appium:app": "D:/workspaces/SerenityAppiumPrac/SerenityAppium/app/flipboard.apk",
[debug] &amp#27;[35m[BaseDriver]&amp#27;[39m     "appium:appActivity": "flipboard.activities.LaunchActivityAlias",
[debug] &amp#27;[35m[BaseDriver]&amp#27;[39m     "appium:appPackage": "flipboard.app",
[debug] &amp#27;[35m[BaseDriver]&amp#27;[39m     "appium:deviceName": "andriod",
[debug] &amp#27;[35m[BaseDriver]&amp#27;[39m     "appium:platformVersion": "9.0"
[debug] &amp#27;[35m[BaseDriver]&amp#27;[39m   },
[debug] &amp#27;[35m[BaseDriver]&amp#27;[39m   "firstMatch": [
[debug] &amp#27;[35m[BaseDriver]&amp#27;[39m     {}
[debug] &amp#27;[35m[BaseDriver]&amp#27;[39m   ]
[debug] &amp#27;[35m[BaseDriver]&amp#27;[39m }
&amp#27;[35m[BaseDriver]&amp#27;[39m The following capabilities were provided, but are not recognized by Appium:
&amp#27;[35m[BaseDriver]&amp#27;[39m   hub
&amp#27;[35m[BaseDriver]&amp#27;[39m   loggingPrefs
&amp#27;[35m[BaseDriver]&amp#27;[39m Session created with session id: ac8bb9aa-223a-48aa-a8e1-9d0c357dabca
&amp#27;[35m[BaseDriver]&amp#27;[39m Using local app 'D:/workspaces/SerenityAppiumPrac/SerenityAppium/app/flipboard.apk'
[debug] &amp#27;[35m[UiAutomator2]&amp#27;[39m Checking whether app is actually present
&amp#27;[35m[ADB]&amp#27;[39m Using 'adb.exe' from 'C:\Users\way2automation\AppData\Local\Android\Sdk\platform-tools\adb.exe'
&amp#27;[35m[AndroidDriver]&amp#27;[39m Retrieving device list
[debug] &amp#27;[35m[ADB]&amp#27;[39m Trying to find a connected android device
[debug] &amp#27;[35m[ADB]&amp#27;[39m Getting connected devices...
[debug] &amp#27;[35m[Instrumentation]&amp#27;[39m Time: 27.067
[debug] &amp#27;[35m[Instrumentation]&amp#27;[39m 
[debug] &amp#27;[35m[Instrumentation]&amp#27;[39m OK (1 test)
[debug] &amp#27;[35m[ADB]&amp#27;[39m Connected devices: [{"udid":"8e006adb","state":"device"}]
&amp#27;[35m[AndroidDriver]&amp#27;[39m Looking for a device with Android '9.0.0'
[debug] &amp#27;[35m[ADB]&amp#27;[39m Setting device id to 8e006adb
&amp#27;[35m[ADB]&amp#27;[39m Getting device platform version
[debug] &amp#27;[35m[ADB]&amp#27;[39m Running 'C:\Users\way2automation\AppData\Local\Android\Sdk\platform-tools\adb.exe -P 5037 -s 8e006adb shell getprop ro.build.version.release'
[debug] &amp#27;[35m[ADB]&amp#27;[39m Current device property 'ro.build.version.release': 9
&amp#27;[35m[AndroidDriver]&amp#27;[39m Using device: 8e006adb
&amp#27;[35m[ADB]&amp#27;[39m Using 'adb.exe' from 'C:\Users\way2automation\AppData\Local\Android\Sdk\platform-tools\adb.exe'
[debug] &amp#27;[35m[ADB]&amp#27;[39m Setting device id to 8e006adb
[debug] &amp#27;[35m[ADB]&amp#27;[39m Running 'C:\Users\way2automation\AppData\Local\Android\Sdk\platform-tools\adb.exe -P 5037 -s 8e006adb shell getprop ro.build.version.sdk'
[debug] &amp#27;[35m[Instrumentation]&amp#27;[39m The process has exited with code 0
[debug] &amp#27;[35m[ADB]&amp#27;[39m Current device property 'ro.build.version.sdk': 28
&amp#27;[35m[ADB]&amp#27;[39m Getting device platform version
[debug] &amp#27;[35m[ADB]&amp#27;[39m Running 'C:\Users\way2automation\AppData\Local\Android\Sdk\platform-tools\adb.exe -P 5037 -s 8e006adb shell getprop ro.build.version.release'
[debug] &amp#27;[35m[ADB]&amp#27;[39m Current device property 'ro.build.version.release': 9
[debug] &amp#27;[35m[ADB]&amp#27;[39m Device API level: 28
&amp#27;[35m[UiAutomator2]&amp#27;[39m Relaxing hidden api policy
[debug] &amp#27;[35m[ADB]&amp#27;[39m Running 'C:\Users\way2automation\AppData\Local\Android\Sdk\platform-tools\adb.exe -P 5037 -s 8e006adb shell settings put global hidden_api_policy_pre_p_apps 1'
[debug] &amp#27;[35m[ADB]&amp#27;[39m Running 'C:\Users\way2automation\AppData\Local\Android\Sdk\platform-tools\adb.exe -P 5037 -s 8e006adb shell settings put global hidden_api_policy_p_apps 1'
[debug] &amp#27;[35m[ADB]&amp#27;[39m Running 'C:\Users\way2automation\AppData\Local\Android\Sdk\platform-tools\adb.exe -P 5037 -s 8e006adb shell settings put global hidden_api_policy 1'
[debug] &amp#27;[35m[ADB]&amp#27;[39m Running 'C:\Users\way2automation\AppData\Local\Android\Sdk\platform-tools\adb.exe -P 5037 -s 8e006adb wait-for-device'
[debug] &amp#27;[35m[ADB]&amp#27;[39m Running 'C:\Users\way2automation\AppData\Local\Android\Sdk\platform-tools\adb.exe -P 5037 -s 8e006adb shell echo ping'
[debug] &amp#27;[35m[AndroidDriver]&amp#27;[39m Pushing settings apk to device...
[debug] &amp#27;[35m[ADB]&amp#27;[39m Getting install status for io.appium.settings
[debug] &amp#27;[35m[ADB]&amp#27;[39m Running 'C:\Users\way2automation\AppData\Local\Android\Sdk\platform-tools\adb.exe -P 5037 -s 8e006adb shell dumpsys package io.appium.settings'
[debug] &amp#27;[35m[ADB]&amp#27;[39m 'io.appium.settings' is installed
[debug] &amp#27;[35m[ADB]&amp#27;[39m Getting package info for 'io.appium.settings'
[debug] &amp#27;[35m[ADB]&amp#27;[39m Running 'C:\Users\way2automation\AppData\Local\Android\Sdk\platform-tools\adb.exe -P 5037 -s 8e006adb shell dumpsys package io.appium.settings'
[debug] &amp#27;[35m[ADB]&amp#27;[39m The version name of the installed 'io.appium.settings' is greater or equal to the application version name ('3.1.0' >= '3.1.0')
[debug] &amp#27;[35m[ADB]&amp#27;[39m There is no need to install/upgrade 'C:\Users\way2automation\AppData\Local\Programs\Appium\resources\app\node_modules\appium\node_modules\io.appium.settings\apks\settings_apk-debug.apk'
[debug] &amp#27;[35m[ADB]&amp#27;[39m Getting IDs of all 'io.appium.settings' processes
[debug] &amp#27;[35m[ADB]&amp#27;[39m Running 'C:\Users\way2automation\AppData\Local\Android\Sdk\platform-tools\adb.exe -P 5037 -s 8e006adb shell 'pgrep --help; echo $?''
[debug] &amp#27;[35m[ADB]&amp#27;[39m Running 'C:\Users\way2automation\AppData\Local\Android\Sdk\platform-tools\adb.exe -P 5037 -s 8e006adb shell pgrep -f io\\.appium\\.settings'
[debug] &amp#27;[35m[AndroidDriver]&amp#27;[39m io.appium.settings is already running. There is no need to reset its permissions.
[debug] &amp#27;[35m[ADB]&amp#27;[39m Running 'C:\Users\way2automation\AppData\Local\Android\Sdk\platform-tools\adb.exe -P 5037 -s 8e006adb shell appops set io.appium.settings android\:mock_location allow'
[debug] &amp#27;[35m[Logcat]&amp#27;[39m Starting logcat capture
[debug] &amp#27;[35m[UiAutomator2]&amp#27;[39m Forwarding UiAutomator2 Server port 6790 to 8200
[debug] &amp#27;[35m[ADB]&amp#27;[39m Forwarding system: 8200 to device: 6790
[debug] &amp#27;[35m[ADB]&amp#27;[39m Running 'C:\Users\way2automation\AppData\Local\Android\Sdk\platform-tools\adb.exe -P 5037 -s 8e006adb forward tcp\:8200 tcp\:6790'
[debug] &amp#27;[35m[ADB]&amp#27;[39m Getting install status for io.appium.uiautomator2.server
[debug] &amp#27;[35m[ADB]&amp#27;[39m Running 'C:\Users\way2automation\AppData\Local\Android\Sdk\platform-tools\adb.exe -P 5037 -s 8e006adb shell dumpsys package io.appium.uiautomator2.server'
[debug] &amp#27;[35m[ADB]&amp#27;[39m 'io.appium.uiautomator2.server' is installed
[debug] &amp#27;[35m[ADB]&amp#27;[39m Getting package info for 'io.appium.uiautomator2.server'
[debug] &amp#27;[35m[ADB]&amp#27;[39m Running 'C:\Users\way2automation\AppData\Local\Android\Sdk\platform-tools\adb.exe -P 5037 -s 8e006adb shell dumpsys package io.appium.uiautomator2.server'
[debug] &amp#27;[35m[ADB]&amp#27;[39m The version name of the installed 'io.appium.uiautomator2.server' is greater or equal to the application version name ('4.5.5' >= '4.5.5')
[debug] &amp#27;[35m[UiAutomator2]&amp#27;[39m io.appium.uiautomator2.server installation state: sameVersionInstalled
[debug] &amp#27;[35m[ADB]&amp#27;[39m Checking app cert for C:\Users\way2automation\AppData\Local\Programs\Appium\resources\app\node_modules\appium\node_modules\appium-uiautomator2-server\apks\appium-uiautomator2-server-v4.5.5.apk
&amp#27;[35m[ADB]&amp#27;[39m Using 'apksigner.jar' from 'C:\Users\way2automation\AppData\Local\Android\Sdk\build-tools\29.0.3\lib\apksigner.jar'
[debug] &amp#27;[35m[ADB]&amp#27;[39m Starting apksigner: 'C:\\Program Files\\Java\\jdk1.8.0_131\\bin\\java.exe' -Xmx1024M -Xss1m -jar C:\\Users\\way2automation\\AppData\\Local\\Android\\Sdk\\build-tools\\29.0.3\\lib\\apksigner.jar verify --print-certs C:\\Users\\way2automation\\AppData\\Local\\Programs\\Appium\\resources\\app\\node_modules\\appium\\node_modules\\appium-uiautomator2-server\\apks\\appium-uiautomator2-server-v4.5.5.apk
[debug] &amp#27;[35m[ADB]&amp#27;[39m apksigner stdout: Signer #1 certificate DN: EMAILADDRESS=android@android.com, CN=Android, OU=Android, O=Android, L=Mountain View, ST=California, C=US
[debug] &amp#27;[35m[ADB]&amp#27;[39m Signer #1 certificate SHA-256 digest: a40da80a59d170caa950cf15c18c454d47a39b26989d8b640ecd745ba71bf5dc
[debug] &amp#27;[35m[ADB]&amp#27;[39m Signer #1 certificate SHA-1 digest: 61ed377e85d386a8dfee6b864bd85b0bfaa5af81
[debug] &amp#27;[35m[ADB]&amp#27;[39m Signer #1 certificate MD5 digest: e89b158e4bcf988ebd09eb83f5378e87
[debug] &amp#27;[35m[ADB]&amp#27;[39m 
[debug] &amp#27;[35m[ADB]&amp#27;[39m 'C:\Users\way2automation\AppData\Local\Programs\Appium\resources\app\node_modules\appium\node_modules\appium-uiautomator2-server\apks\appium-uiautomator2-server-v4.5.5.apk' is signed with the default certificate
[debug] &amp#27;[35m[ADB]&amp#27;[39m Getting install status for io.appium.uiautomator2.server.test
[debug] &amp#27;[35m[ADB]&amp#27;[39m Running 'C:\Users\way2automation\AppData\Local\Android\Sdk\platform-tools\adb.exe -P 5037 -s 8e006adb shell dumpsys package io.appium.uiautomator2.server.test'
[debug] &amp#27;[35m[ADB]&amp#27;[39m 'io.appium.uiautomator2.server.test' is installed
[debug] &amp#27;[35m[ADB]&amp#27;[39m Checking app cert for C:\Users\way2automation\AppData\Local\Programs\Appium\resources\app\node_modules\appium\node_modules\appium-uiautomator2-server\apks\appium-uiautomator2-server-debug-androidTest.apk
[debug] &amp#27;[35m[ADB]&amp#27;[39m Starting apksigner: 'C:\\Program Files\\Java\\jdk1.8.0_131\\bin\\java.exe' -Xmx1024M -Xss1m -jar C:\\Users\\way2automation\\AppData\\Local\\Android\\Sdk\\build-tools\\29.0.3\\lib\\apksigner.jar verify --print-certs C:\\Users\\way2automation\\AppData\\Local\\Programs\\Appium\\resources\\app\\node_modules\\appium\\node_modules\\appium-uiautomator2-server\\apks\\appium-uiautomator2-server-debug-androidTest.apk
[debug] &amp#27;[35m[ADB]&amp#27;[39m apksigner stdout: Signer #1 certificate DN: EMAILADDRESS=android@android.com, CN=Android, OU=Android, O=Android, L=Mountain View, ST=California, C=US
[debug] &amp#27;[35m[ADB]&amp#27;[39m Signer #1 certificate SHA-256 digest: a40da80a59d170caa950cf15c18c454d47a39b26989d8b640ecd745ba71bf5dc
[debug] &amp#27;[35m[ADB]&amp#27;[39m Signer #1 certificate SHA-1 digest: 61ed377e85d386a8dfee6b864bd85b0bfaa5af81
[debug] &amp#27;[35m[ADB]&amp#27;[39m Signer #1 certificate MD5 digest: e89b158e4bcf988ebd09eb83f5378e87
[debug] &amp#27;[35m[ADB]&amp#27;[39m 
[debug] &amp#27;[35m[ADB]&amp#27;[39m 'C:\Users\way2automation\AppData\Local\Programs\Appium\resources\app\node_modules\appium\node_modules\appium-uiautomator2-server\apks\appium-uiautomator2-server-debug-androidTest.apk' is signed with the default certificate
&amp#27;[35m[UiAutomator2]&amp#27;[39m Server packages are not going to be (re)installed
[debug] &amp#27;[35m[UiAutomator2]&amp#27;[39m Waiting up to 30000ms for services to be available
[debug] &amp#27;[35m[ADB]&amp#27;[39m Running 'C:\Users\way2automation\AppData\Local\Android\Sdk\platform-tools\adb.exe -P 5037 -s 8e006adb shell pm list instrumentation'
[debug] &amp#27;[35m[UiAutomator2]&amp#27;[39m Instrumentation target 'io.appium.uiautomator2.server.test/androidx.test.runner.AndroidJUnitRunner' is available
[debug] &amp#27;[35m[ADB]&amp#27;[39m Checking app cert for D:/workspaces/SerenityAppiumPrac/SerenityAppium/app/flipboard.apk
[debug] &amp#27;[35m[ADB]&amp#27;[39m Starting apksigner: 'C:\\Program Files\\Java\\jdk1.8.0_131\\bin\\java.exe' -Xmx1024M -Xss1m -jar C:\\Users\\way2automation\\AppData\\Local\\Android\\Sdk\\build-tools\\29.0.3\\lib\\apksigner.jar verify --print-certs D\:/workspaces/SerenityAppiumPrac/SerenityAppium/app/flipboard.apk
[debug] &amp#27;[35m[ADB]&amp#27;[39m apksigner stdout: Signer #1 certificate DN: EMAILADDRESS=android@android.com, CN=Android, OU=Android, O=Android, L=Mountain View, ST=California, C=US
[debug] &amp#27;[35m[ADB]&amp#27;[39m Signer #1 certificate SHA-256 digest: a40da80a59d170caa950cf15c18c454d47a39b26989d8b640ecd745ba71bf5dc
[debug] &amp#27;[35m[ADB]&amp#27;[39m Signer #1 certificate SHA-1 digest: 61ed377e85d386a8dfee6b864bd85b0bfaa5af81
[debug] &amp#27;[35m[ADB]&amp#27;[39m Signer #1 certificate MD5 digest: e89b158e4bcf988ebd09eb83f5378e87
[debug] &amp#27;[35m[ADB]&amp#27;[39m 
[debug] &amp#27;[35m[ADB]&amp#27;[39m 'D:/workspaces/SerenityAppiumPrac/SerenityAppium/app/flipboard.apk' is signed with the default certificate
[debug] &amp#27;[35m[ADB]&amp#27;[39m Getting install status for flipboard.app
[debug] &amp#27;[35m[ADB]&amp#27;[39m Running 'C:\Users\way2automation\AppData\Local\Android\Sdk\platform-tools\adb.exe -P 5037 -s 8e006adb shell dumpsys package flipboard.app'
[debug] &amp#27;[35m[ADB]&amp#27;[39m 'flipboard.app' is installed
[debug] &amp#27;[35m[ADB]&amp#27;[39m Getting package info for 'flipboard.app'
[debug] &amp#27;[35m[ADB]&amp#27;[39m Running 'C:\Users\way2automation\AppData\Local\Android\Sdk\platform-tools\adb.exe -P 5037 -s 8e006adb shell dumpsys package flipboard.app'
[debug] &amp#27;[35m[ADB]&amp#27;[39m The version code of the installed 'flipboard.app' is greater than the application version code (4909 > 4893)
[debug] &amp#27;[35m[ADB]&amp#27;[39m There is no need to downgrade 'flipboard.app'
&amp#27;[35m[AndroidDriver]&amp#27;[39m Performing fast reset on 'flipboard.app'
[debug] &amp#27;[35m[ADB]&amp#27;[39m Getting install status for flipboard.app
[debug] &amp#27;[35m[ADB]&amp#27;[39m Running 'C:\Users\way2automation\AppData\Local\Android\Sdk\platform-tools\adb.exe -P 5037 -s 8e006adb shell dumpsys package flipboard.app'
[debug] &amp#27;[35m[ADB]&amp#27;[39m 'flipboard.app' is installed
[debug] &amp#27;[35m[ADB]&amp#27;[39m Running 'C:\Users\way2automation\AppData\Local\Android\Sdk\platform-tools\adb.exe -P 5037 -s 8e006adb shell am force-stop flipboard.app'
[debug] &amp#27;[35m[ADB]&amp#27;[39m Running 'C:\Users\way2automation\AppData\Local\Android\Sdk\platform-tools\adb.exe -P 5037 -s 8e006adb shell pm clear flipboard.app'
[debug] &amp#27;[35m[AndroidDriver]&amp#27;[39m Performed fast reset on the installed 'flipboard.app' application (stop and clear)
[debug] &amp#27;[35m[UiAutomator2]&amp#27;[39m Performing shallow cleanup of automation leftovers
[debug] &amp#27;[35m[UiAutomator2]&amp#27;[39m No obsolete sessions have been detected (Error: socket hang up)
[debug] &amp#27;[35m[ADB]&amp#27;[39m Running 'C:\Users\way2automation\AppData\Local\Android\Sdk\platform-tools\adb.exe -P 5037 -s 8e006adb shell am force-stop io.appium.uiautomator2.server.test'
&amp#27;[35m[UiAutomator2]&amp#27;[39m Starting UIAutomator2 server 4.5.5
&amp#27;[35m[UiAutomator2]&amp#27;[39m Using UIAutomator2 server from 'C:\Users\way2automation\AppData\Local\Programs\Appium\resources\app\node_modules\appium\node_modules\appium-uiautomator2-server\apks\appium-uiautomator2-server-v4.5.5.apk' and test from 'C:\Users\way2automation\AppData\Local\Programs\Appium\resources\app\node_modules\appium\node_modules\appium-uiautomator2-server\apks\appium-uiautomator2-server-debug-androidTest.apk'
&amp#27;[35m[UiAutomator2]&amp#27;[39m Waiting up to 30000ms for UiAutomator2 to be online...
[debug] &amp#27;[35m[ADB]&amp#27;[39m Creating ADB subprocess with args: ["-P",5037,"-s","8e006adb","shell","am","instrument","-w","io.appium.uiautomator2.server.test/androidx.test.runner.AndroidJUnitRunner"]
[debug] &amp#27;[35m[WD Proxy]&amp#27;[39m Matched '/status' to command name 'getStatus'
[debug] &amp#27;[35m[WD Proxy]&amp#27;[39m Proxying [GET /status] to [GET http://127.0.0.1:8200/wd/hub/status] with no body
&amp#27;[35m[WD Proxy]&amp#27;[39m Got response with unknown status: {"code":"ECONNRESET"}
[debug] &amp#27;[35m[Instrumentation]&amp#27;[39m io.appium.uiautomator2.server.test.AppiumUiAutomator2Server:
[debug] &amp#27;[35m[WD Proxy]&amp#27;[39m Matched '/status' to command name 'getStatus'
[debug] &amp#27;[35m[WD Proxy]&amp#27;[39m Proxying [GET /status] to [GET http://127.0.0.1:8200/wd/hub/status] with no body
&amp#27;[35m[WD Proxy]&amp#27;[39m Got response with unknown status: {"code":"ECONNRESET"}
[debug] &amp#27;[35m[WD Proxy]&amp#27;[39m Matched '/status' to command name 'getStatus'
[debug] &amp#27;[35m[WD Proxy]&amp#27;[39m Proxying [GET /status] to [GET http://127.0.0.1:8200/wd/hub/status] with no body
&amp#27;[35m[WD Proxy]&amp#27;[39m Got response with unknown status: {"code":"ECONNRESET"}
[debug] &amp#27;[35m[WD Proxy]&amp#27;[39m Matched '/status' to command name 'getStatus'
[debug] &amp#27;[35m[WD Proxy]&amp#27;[39m Proxying [GET /status] to [GET http://127.0.0.1:8200/wd/hub/status] with no body
[debug] &amp#27;[35m[WD Proxy]&amp#27;[39m Got response with status 200: {"sessionId":"None","value":{"ready":true,"message":"UiAutomator2 Server is ready to accept commands"}}
[debug] &amp#27;[35m[UiAutomator2]&amp#27;[39m The initialization of the instrumentation process took 4164ms
[debug] &amp#27;[35m[WD Proxy]&amp#27;[39m Matched '/session' to command name 'createSession'
[debug] &amp#27;[35m[WD Proxy]&amp#27;[39m Proxying [POST /session] to [POST http://127.0.0.1:8200/wd/hub/session] with body: {"capabilities":{"firstMatch":[{"platform":"LINUX","webStorageEnabled":false,"takesScreenshot":true,"javascriptEnabled":true,"databaseEnabled":false,"networkConnectionEnabled":true,"locationContextEnabled":false,"warnings":{},"desired":{"platformName":"android","hub":"http://127.0.0.1:4723/wd/hub","loggingPrefs":{},"app":"D:/workspaces/SerenityAppiumPrac/SerenityAppium/app/flipboard.apk","appActivity":"flipboard.activities.LaunchActivityAlias","appPackage":"flipboard.app","deviceName":"andriod","platformVersion":"9.0"},"platformName":"android","hub":"http://127.0.0.1:4723/wd/hub","loggingPrefs":{},"app":"D:/workspaces/SerenityAppiumPrac/SerenityAppium/app/flipboard.apk","appActivity":"flipboard.activities.LaunchActivityAlias","appPackage":"flipboard.app","deviceName":"8e006adb","platformVersion":"9.0","deviceUDID":"8e006adb"}],"alwaysMatch":{}}}
[debug] &amp#27;[35m[WD Proxy]&amp#27;[39m Got response with status 200: {"sessionId":"dedb4e09-40b2-4c5d-bb4d-1dd47b432a0c","value":{"sessionId":"dedb4e09-40b2-4c5d-bb4d-1dd47b432a0c","capabilities":{"firstMatch":[{"platform":"LINUX","webStorageEnabled":false,"takesScreenshot":true,"javascriptEnabled":true,"databaseEnabled":false,"networkConnectionEnabled":true,"locationContextEnabled":false,"warnings":{},"desired":{"platformName":"android","hub":"http://127.0.0.1:4723/wd/hub","loggingPrefs":{},"app":"D:/workspaces/SerenityAppiumPrac/SerenityAppium/app/flipboard.apk","appActivity":"flipboard.activities.LaunchActivityAlias","appPackage":"flipboard.app","deviceName":"andriod","platformVersion":"9.0"},"platformName":"android","hub":"http://127.0.0.1:4723/wd/hub","loggingPrefs":{},"app":"D:/workspaces/SerenityAppiumPrac/SerenityAppium/app/flipboard.apk","appActivity":"flipboard.activities.LaunchActivityAlias","appPackage":"flipboard.app","deviceName":"8e006adb","platformVersion":"9.0","deviceUDID":"8e006adb"}],"alwaysMatch":{}}}}
&amp#27;[35m[WD Proxy]&amp#27;[39m Determined the downstream protocol as 'W3C'
[debug] &amp#27;[35m[WD Proxy]&amp#27;[39m Proxying [GET /appium/device/info] to [GET http://127.0.0.1:8200/wd/hub/session/dedb4e09-40b2-4c5d-bb4d-1dd47b432a0c/appium/device/info] with no body
[debug] &amp#27;[35m[WD Proxy]&amp#27;[39m Got response with status 200: {"sessionId":"dedb4e09-40b2-4c5d-bb4d-1dd47b432a0c","value":{"androidId":"85f9e2fc01692e45","manufacturer":"vivo","model":"vivo 1818","brand":"vivo","apiVersion":"28","platformVersion":"9","carrierName":"Vodafone-Be Safe","realDisplaySize":"1080x2340","displayDensity":480,"networks":[{"type":0,"typeName":"MOBILE","subtype":13,"subtypeName":"LTE","isConnected":true,"detailedState":"CONNECTED","state":"CONNECTED","extraInfo":"ims","isAvailable":true,"isFailover":false,"isRoaming":false,"capabilities":{"transportTypes":"TRANSPORT_CELLULAR","networkCapabilities":"NET_CAPABILITY_IMS,NET_CAPABILITY_NOT_METERED,NET_CAPABILITY_TRUSTED,NET_CAPABILITY_NOT_VPN,NET_CAPABILITY_VALIDATED,NET_CAPABILITY_NOT_ROAMING,NET_CAPABILITY_FOREGROUND,NET_CAPABILITY_NOT_CONGESTED,NET_CAPABILITY_NOT_SUSPENDED","linkUpstreamBandwidthKbps":51200,"linkDownBandwidthKbps":102400,"signalStrength":-2147483648,"networkSpecifier":"3","SSID":null}},{"type":1,"typeName":"WIFI","subtype":0,"subtypeName":"","isConnected":true,"detailedState":"CO...
[debug] &amp#27;[35m[ADB]&amp#27;[39m Running 'C:\Users\way2automation\AppData\Local\Android\Sdk\platform-tools\adb.exe -P 5037 -s 8e006adb shell dumpsys window'
&amp#27;[35m[AndroidDriver]&amp#27;[39m Screen already unlocked, doing nothing
&amp#27;[35m[UiAutomator2]&amp#27;[39m Starting 'flipboard.app/flipboard.activities.LaunchActivityAlias and waiting for 'flipboard.app/flipboard.activities.LaunchActivityAlias'
[debug] &amp#27;[35m[ADB]&amp#27;[39m Running 'C:\Users\way2automation\AppData\Local\Android\Sdk\platform-tools\adb.exe -P 5037 -s 8e006adb shell am start -W -n flipboard.app/flipboard.activities.LaunchActivityAlias -S -a android.intent.action.MAIN -c android.intent.category.LAUNCHER -f 0x10200000'
[debug] &amp#27;[35m[WD Proxy]&amp#27;[39m Proxying [GET /appium/device/pixel_ratio] to [GET http://127.0.0.1:8200/wd/hub/session/dedb4e09-40b2-4c5d-bb4d-1dd47b432a0c/appium/device/pixel_ratio] with body: {}
[debug] &amp#27;[35m[WD Proxy]&amp#27;[39m Got response with status 200: {"sessionId":"dedb4e09-40b2-4c5d-bb4d-1dd47b432a0c","value":3}
[debug] &amp#27;[35m[WD Proxy]&amp#27;[39m Matched '/appium/device/system_bars' to command name 'getSystemBars'
[debug] &amp#27;[35m[WD Proxy]&amp#27;[39m Proxying [GET /appium/device/system_bars] to [GET http://127.0.0.1:8200/wd/hub/session/dedb4e09-40b2-4c5d-bb4d-1dd47b432a0c/appium/device/system_bars] with body: {}
[debug] &amp#27;[35m[WD Proxy]&amp#27;[39m Got response with status 200: {"sessionId":"dedb4e09-40b2-4c5d-bb4d-1dd47b432a0c","value":{"statusBar":84}}
[debug] &amp#27;[35m[WD Proxy]&amp#27;[39m Matched '/window/current/size' to command name 'getWindowSize'
[debug] &amp#27;[35m[WD Proxy]&amp#27;[39m Proxying [GET /window/current/size] to [GET http://127.0.0.1:8200/wd/hub/session/dedb4e09-40b2-4c5d-bb4d-1dd47b432a0c/window/current/size] with body: {}
[debug] &amp#27;[35m[WD Proxy]&amp#27;[39m Got response with status 200: {"sessionId":"dedb4e09-40b2-4c5d-bb4d-1dd47b432a0c","value":{"height":2214,"width":1080}}
&amp#27;[35m[Appium]&amp#27;[39m New AndroidUiautomator2Driver session created successfully, session ac8bb9aa-223a-48aa-a8e1-9d0c357dabca added to master session list
[debug] &amp#27;[35m[BaseDriver]&amp#27;[39m Event 'newSessionStarted' logged at 1593804152823 (00:52:32 GMT+0530 (India Standard Time))
[debug] &amp#27;[35m[W3C (ac8bb9aa)]&amp#27;[39m Cached the protocol value 'W3C' for the new session ac8bb9aa-223a-48aa-a8e1-9d0c357dabca
[debug] &amp#27;[35m[W3C (ac8bb9aa)]&amp#27;[39m Responding to client with driver.createSession() result: {"capabilities":{"platform":"LINUX","webStorageEnabled":false,"takesScreenshot":true,"javascriptEnabled":true,"databaseEnabled":false,"networkConnectionEnabled":true,"locationContextEnabled":false,"warnings":{},"desired":{"platformName":"android","hub":"http://127.0.0.1:4723/wd/hub","loggingPrefs":{},"app":"D:/workspaces/SerenityAppiumPrac/SerenityAppium/app/flipboard.apk","appActivity":"flipboard.activities.LaunchActivityAlias","appPackage":"flipboard.app","deviceName":"andriod","platformVersion":"9.0"},"platformName":"android","hub":"http://127.0.0.1:4723/wd/hub","loggingPrefs":{},"app":"D:/workspaces/SerenityAppiumPrac/SerenityAppium/app/flipboard.apk","appActivity":"flipboard.activities.LaunchActivityAlias","appPackage":"flipboard.app","deviceName":"8e006adb","platformVersion":"9","deviceUDID":"8e006adb","deviceApiLevel":28,"deviceScreenSize":"1080x2340","deviceScreenDensity":480,"deviceModel":"vivo 1818","deviceManufacturer":"vivo","pixelRatio":3,"statBarHeight":84,"viewportRect":{"left":0,"top":84,"w...
&amp#27;[35m[HTTP]&amp#27;[39m &amp#27;[37m<-- POST /wd/hub/session &amp#27;[39m&amp#27;[32m200&amp#27;[39m &amp#27;[90m12023 ms - 1109&amp#27;[39m
&amp#27;[35m[HTTP]&amp#27;[39m &amp#27;[90m&amp#27;[39m
&amp#27;[35m[HTTP]&amp#27;[39m &amp#27;[37m-->&amp#27;[39m &amp#27;[37mGET&amp#27;[39m &amp#27;[37m/wd/hub/session/ac8bb9aa-223a-48aa-a8e1-9d0c357dabca&amp#27;[39m
&amp#27;[35m[HTTP]&amp#27;[39m &amp#27;[90m{}&amp#27;[39m
[debug] &amp#27;[35m[W3C (ac8bb9aa)]&amp#27;[39m Calling AppiumDriver.getSession() with args: ["ac8bb9aa-223a-48aa-a8e1-9d0c357dabca"]
[debug] &amp#27;[35m[UiAutomator2]&amp#27;[39m Getting session details from server to mix in
[debug] &amp#27;[35m[WD Proxy]&amp#27;[39m Matched '/' to command name 'getSession'
[debug] &amp#27;[35m[WD Proxy]&amp#27;[39m Proxying [GET /] to [GET http://127.0.0.1:8200/wd/hub/session/dedb4e09-40b2-4c5d-bb4d-1dd47b432a0c] with body: {}
[debug] &amp#27;[35m[WD Proxy]&amp#27;[39m Got response with status 200: {"sessionId":"dedb4e09-40b2-4c5d-bb4d-1dd47b432a0c","value":{}}
[debug] &amp#27;[35m[W3C (ac8bb9aa)]&amp#27;[39m Responding to client with driver.getSession() result: {"platform":"LINUX","webStorageEnabled":false,"takesScreenshot":true,"javascriptEnabled":true,"databaseEnabled":false,"networkConnectionEnabled":true,"locationContextEnabled":false,"warnings":{},"desired":{"platformName":"android","hub":"http://127.0.0.1:4723/wd/hub","loggingPrefs":{},"app":"D:/workspaces/SerenityAppiumPrac/SerenityAppium/app/flipboard.apk","appActivity":"flipboard.activities.LaunchActivityAlias","appPackage":"flipboard.app","deviceName":"andriod","platformVersion":"9.0"},"platformName":"android","hub":"http://127.0.0.1:4723/wd/hub","loggingPrefs":{},"app":"D:/workspaces/SerenityAppiumPrac/SerenityAppium/app/flipboard.apk","appActivity":"flipboard.activities.LaunchActivityAlias","appPackage":"flipboard.app","deviceName":"8e006adb","platformVersion":"9","deviceUDID":"8e006adb","deviceApiLevel":28,"deviceScreenSize":"1080x2340","deviceScreenDensity":480,"deviceModel":"vivo 1818","deviceManufacturer":"vivo","pixelRatio":3,"statBarHeight":84,"viewportRect":{"left":0,"top":84,"width":1080,"heig...
&amp#27;[35m[HTTP]&amp#27;[39m &amp#27;[37m<-- GET /wd/hub/session/ac8bb9aa-223a-48aa-a8e1-9d0c357dabca &amp#27;[39m&amp#27;[32m200&amp#27;[39m &amp#27;[90m25 ms - 1041&amp#27;[39m
&amp#27;[35m[HTTP]&amp#27;[39m &amp#27;[90m&amp#27;[39m
&amp#27;[35m[HTTP]&amp#27;[39m &amp#27;[37m-->&amp#27;[39m &amp#27;[37mGET&amp#27;[39m &amp#27;[37m/wd/hub/session/ac8bb9aa-223a-48aa-a8e1-9d0c357dabca&amp#27;[39m
&amp#27;[35m[HTTP]&amp#27;[39m &amp#27;[90m{}&amp#27;[39m
[debug] &amp#27;[35m[W3C (ac8bb9aa)]&amp#27;[39m Calling AppiumDriver.getSession() with args: ["ac8bb9aa-223a-48aa-a8e1-9d0c357dabca"]
[debug] &amp#27;[35m[UiAutomator2]&amp#27;[39m Getting session details from server to mix in
[debug] &amp#27;[35m[WD Proxy]&amp#27;[39m Matched '/' to command name 'getSession'
[debug] &amp#27;[35m[WD Proxy]&amp#27;[39m Proxying [GET /] to [GET http://127.0.0.1:8200/wd/hub/session/dedb4e09-40b2-4c5d-bb4d-1dd47b432a0c] with body: {}
[debug] &amp#27;[35m[WD Proxy]&amp#27;[39m Got response with status 200: {"sessionId":"dedb4e09-40b2-4c5d-bb4d-1dd47b432a0c","value":{}}
[debug] &amp#27;[35m[W3C (ac8bb9aa)]&amp#27;[39m Responding to client with driver.getSession() result: {"platform":"LINUX","webStorageEnabled":false,"takesScreenshot":true,"javascriptEnabled":true,"databaseEnabled":false,"networkConnectionEnabled":true,"locationContextEnabled":false,"warnings":{},"desired":{"platformName":"android","hub":"http://127.0.0.1:4723/wd/hub","loggingPrefs":{},"app":"D:/workspaces/SerenityAppiumPrac/SerenityAppium/app/flipboard.apk","appActivity":"flipboard.activities.LaunchActivityAlias","appPackage":"flipboard.app","deviceName":"andriod","platformVersion":"9.0"},"platformName":"android","hub":"http://127.0.0.1:4723/wd/hub","loggingPrefs":{},"app":"D:/workspaces/SerenityAppiumPrac/SerenityAppium/app/flipboard.apk","appActivity":"flipboard.activities.LaunchActivityAlias","appPackage":"flipboard.app","deviceName":"8e006adb","platformVersion":"9","deviceUDID":"8e006adb","deviceApiLevel":28,"deviceScreenSize":"1080x2340","deviceScreenDensity":480,"deviceModel":"vivo 1818","deviceManufacturer":"vivo","pixelRatio":3,"statBarHeight":84,"viewportRect":{"left":0,"top":84,"width":1080,"heig...
&amp#27;[35m[HTTP]&amp#27;[39m &amp#27;[37m<-- GET /wd/hub/session/ac8bb9aa-223a-48aa-a8e1-9d0c357dabca &amp#27;[39m&amp#27;[32m200&amp#27;[39m &amp#27;[90m31 ms - 1041&amp#27;[39m
&amp#27;[35m[HTTP]&amp#27;[39m &amp#27;[90m&amp#27;[39m
&amp#27;[35m[HTTP]&amp#27;[39m &amp#27;[37m-->&amp#27;[39m &amp#27;[37mGET&amp#27;[39m &amp#27;[37m/wd/hub/session/ac8bb9aa-223a-48aa-a8e1-9d0c357dabca/screenshot&amp#27;[39m
&amp#27;[35m[HTTP]&amp#27;[39m &amp#27;[90m{}&amp#27;[39m
[debug] &amp#27;[35m[W3C (ac8bb9aa)]&amp#27;[39m Calling AppiumDriver.getScreenshot() with args: ["ac8bb9aa-223a-48aa-a8e1-9d0c357dabca"]
[debug] &amp#27;[35m[WD Proxy]&amp#27;[39m Matched '/screenshot' to command name 'getScreenshot'
[debug] &amp#27;[35m[WD Proxy]&amp#27;[39m Proxying [GET /screenshot] to [GET http://127.0.0.1:8200/wd/hub/session/dedb4e09-40b2-4c5d-bb4d-1dd47b432a0c/screenshot] with no body
[debug] &amp#27;[35m[WD Proxy]&amp#27;[39m Got response with status 200: {"sessionId":"dedb4e09-40b2-4c5d-bb4d-1dd47b432a0c","value":"iVBORw0KGgoAAAANSUhEUgAABDgAAAkkCAYAAAD508+vAAAABHNCSVQICAgIfAhkiAAAIABJREFU\neJzsvXm4ZMlV2PmLuEsuL99er\/atd0ndrdaKkMQmAZJYZNYxMBhjsA0YzHgYD9945pvxN2OYYTwb\nqw1YLAYDNmLGIIGFEDJikYTQ1i21elEvtXR1Vdf+9lzuEjF\/xM3KzPsy38v3KvNlZvX59Xer8+a7\nNzJu3BMnIk6cOKEsWARBEARBEARBEARBECYYPeoMCIIgCIIgCIIgCIIg3C5i4BAEQRAEQRAEQRAE\nYeIRA4cgCIIgCIIgCIIgCBOPGDgEQRAEQRAEQRAEQZh4xMAhCIIgCIIgCIIgCMLEIwYOQRAEQRAE\nQRAEQRAmHjFwCIIgCIIgCIIgCIIw8YiBQxAEQRAEQRAEQRCEiUcMHIIgCIIgCIIgCIIgTDxi4BAE\nQRAEQRAEQRAEYeIRA4cgCIIgCIIgCIIgCBOPGDgEQRAEQRAEQRAEQZh4xMAhCIIgCIIgCIIgCMLE\nIwYOQRAEQRAEQRAEQRAmHjFwCIIgCIIgCIIgCIIw8YiBQxAEQRAEQRAEQRCEiUcMHIIgCIIgCIIg\nCIIgTDxi4BAEQRAEQRAEQRAEYeIRA4cgCIIgCIIgCIIgCBOPGDgEQRAEQRAEQRAEQZh4xMAhCIIg\nCIIgCIIgCMLEIwYOQRAEQRAEQRAEQRAmHjFwCIIgCIIgCIIgCIIw8YiBQxAEQZhIDPDoqDMhCIIA\nPA+sjjoTgiAIghg4BEEQhMmjCvwq8EvA8ojzIgiC8AHgXwJnRp0RQRCElzn+qDMgTC6fA9bazr8M\nUCPKiyAI\/dEAPtl2vgS8YkR52SsbwL8BvpidPwe8cXTZEQThZU4Np4fqwM8CPwLcP9IcCYIgvHwR\nA4ewZz4OPNZ2\/lbEwCEI...
[debug] &amp#27;[35m[W3C (ac8bb9aa)]&amp#27;[39m Responding to client with driver.getScreenshot() result: "iVBORw0KGgoAAAANSUhEUgAABDgAAAkkCAYAAAD508+vAAAABHNCSVQICAgIfAhkiAAAIABJREFU\neJzsvXm4ZMlV2PmLuEsuL99er/atd0ndrdaKkMQmAZJYZNYxMBhjsA0YzHgYD9945pvxN2OYYTwb\nqw1YLAYDNmLGIIGFEDJikYTQ1i21elEvtXR1Vdf+9lzuEjF/xM3KzPsy38v3KvNlZvX59Xer8+a7\nNzJu3BMnIk6cOKEsWARBEARBEARBEARBECYYPeoMCIIgCIIgCIIgCIIg3C5i4BAEQRAEQRAEQRAE\nYeIRA4cgCIIgCIIgCIIgCBOPGDgEQRAEQRAEQRAEQZh4xMAhCIIgCIIgCIIgCMLEIwYOQRAEQRAE\nQRAEQRAmHjFwCIIgCIIgCIIgCIIw8YiBQxAEQRAEQRAEQRCEiUcMHIIgCIIgCIIgCIIgTDxi4BAE\nQRAEQRAEQRAEYeIRA4cgCIIgCIIgCIIgCBOPGDgEQRAEQRAEQRAEQZh4xMAhCIIgCIIgCIIgCMLE\nIwYOQRAEQRAEQRAEQRAmHjFwCIIgCIIgCIIgCIIw8YiBQxAEQRAEQRAEQRCEiUcMHIIgCIIgCIIg\nCIIgTDxi4BAEQRAEQRAEQRAEYeIRA4cgCIIgCIIgCIIgCBOPGDgEQRAEQRAEQRAEQZh4xMAhCIIg\nCIIgCIIgCMLEIwYOQRAEQRAEQRAEQRAmHjFwCIIgCIIgCIIgCIIw8YiBQxAEQZhIDPDoqDMhCIIA\nPA+sjjoTgiAIghg4BEEQhMmjCvwq8EvA8ojzIgiC8AHgXwJnRp0RQRCElzn+qDMgTC6fA9bazr8M\nUCPKiyAI/dEAPtl2vgS8YkR52SsbwL8BvpidPwe8cXTZEQThZU4Np4fqwM8CPwLcP9IcCYIgvHwR\nA4ewZz4OPNZ2/lbEwCEI404D+K2287czWQaOBvBrtIwbbwJePbrsCIIgUAJ+FGfcqAP/Gvgx4NQo\nMyUIdz...
&amp#27;[35m[HTTP]&amp#27;[39m &amp#27;[37m<-- GET /wd/hub/session/ac8bb9aa-223a-48aa-a8e1-9d0c357dabca/screenshot &amp#27;[39m&amp#27;[32m200&amp#27;[39m &amp#27;[90m957 ms - 1328730&amp#27;[39m
&amp#27;[35m[HTTP]&amp#27;[39m &amp#27;[90m&amp#27;[39m
&amp#27;[35m[HTTP]&amp#27;[39m &amp#27;[37m-->&amp#27;[39m &amp#27;[37mPOST&amp#27;[39m &amp#27;[37m/wd/hub/session/ac8bb9aa-223a-48aa-a8e1-9d0c357dabca/element&amp#27;[39m
&amp#27;[35m[HTTP]&amp#27;[39m &amp#27;[90m{"using":"id","value":"flipboard.app:id/first_launch_cover_continue"}&amp#27;[39m
[debug] &amp#27;[35m[W3C (ac8bb9aa)]&amp#27;[39m Calling AppiumDriver.findElement() with args: ["id","flipboard.app:id/first_launch_cover_continue","ac8bb9aa-223a-48aa-a8e1-9d0c357dabca"]
[debug] &amp#27;[35m[BaseDriver]&amp#27;[39m Valid locator strategies for this request: xpath, id, class name, accessibility id, -android uiautomator
[debug] &amp#27;[35m[BaseDriver]&amp#27;[39m Waiting up to 0 ms for condition
[debug] &amp#27;[35m[WD Proxy]&amp#27;[39m Matched '/element' to command name 'findElement'
[debug] &amp#27;[35m[WD Proxy]&amp#27;[39m Proxying [POST /element] to [POST http://127.0.0.1:8200/wd/hub/session/dedb4e09-40b2-4c5d-bb4d-1dd47b432a0c/element] with body: {"strategy":"id","selector":"flipboard.app:id/first_launch_cover_continue","context":"","multiple":false}
[debug] &amp#27;[35m[WD Proxy]&amp#27;[39m Got response with status 200: {"sessionId":"dedb4e09-40b2-4c5d-bb4d-1dd47b432a0c","value":{"ELEMENT":"be21a53b-952e-4721-9e78-dd5f67b91e94","element-6066-11e4-a52e-4f735466cecf":"be21a53b-952e-4721-9e78-dd5f67b91e94"}}
[debug] &amp#27;[35m[W3C (ac8bb9aa)]&amp#27;[39m Responding to client with driver.findElement() result: {"element-6066-11e4-a52e-4f735466cecf":"be21a53b-952e-4721-9e78-dd5f67b91e94","ELEMENT":"be21a53b-952e-4721-9e78-dd5f67b91e94"}
&amp#27;[35m[HTTP]&amp#27;[39m &amp#27;[37m<-- POST /wd/hub/session/ac8bb9aa-223a-48aa-a8e1-9d0c357dabca/element &amp#27;[39m&amp#27;[32m200&amp#27;[39m &amp#27;[90m80 ms - 137&amp#27;[39m
&amp#27;[35m[HTTP]&amp#27;[39m &amp#27;[90m&amp#27;[39m
&amp#27;[35m[HTTP]&amp#27;[39m &amp#27;[37m-->&amp#27;[39m &amp#27;[37mGET&amp#27;[39m &amp#27;[37m/wd/hub/session/ac8bb9aa-223a-48aa-a8e1-9d0c357dabca/element/be21a53b-952e-4721-9e78-dd5f67b91e94/displayed&amp#27;[39m
&amp#27;[35m[HTTP]&amp#27;[39m &amp#27;[90m{}&amp#27;[39m
[debug] &amp#27;[35m[W3C (ac8bb9aa)]&amp#27;[39m Calling AppiumDriver.elementDisplayed() with args: ["be21a53b-952e-4721-9e78-dd5f67b91e94","ac8bb9aa-223a-48aa-a8e1-9d0c357dabca"]
[debug] &amp#27;[35m[WD Proxy]&amp#27;[39m Matched '/element/be21a53b-952e-4721-9e78-dd5f67b91e94/attribute/displayed' to command name 'getAttribute'
[debug] &amp#27;[35m[WD Proxy]&amp#27;[39m Proxying [GET /element/be21a53b-952e-4721-9e78-dd5f67b91e94/attribute/displayed] to [GET http://127.0.0.1:8200/wd/hub/session/dedb4e09-40b2-4c5d-bb4d-1dd47b432a0c/element/be21a53b-952e-4721-9e78-dd5f67b91e94/attribute/displayed] with body: {}
[debug] &amp#27;[35m[WD Proxy]&amp#27;[39m Got response with status 200: {"sessionId":"dedb4e09-40b2-4c5d-bb4d-1dd47b432a0c","value":"true"}
[debug] &amp#27;[35m[W3C (ac8bb9aa)]&amp#27;[39m Responding to client with driver.elementDisplayed() result: true
&amp#27;[35m[HTTP]&amp#27;[39m &amp#27;[37m<-- GET /wd/hub/session/ac8bb9aa-223a-48aa-a8e1-9d0c357dabca/element/be21a53b-952e-4721-9e78-dd5f67b91e94/displayed &amp#27;[39m&amp#27;[32m200&amp#27;[39m &amp#27;[90m31 ms - 14&amp#27;[39m
&amp#27;[35m[HTTP]&amp#27;[39m &amp#27;[90m&amp#27;[39m
&amp#27;[35m[HTTP]&amp#27;[39m &amp#27;[37m-->&amp#27;[39m &amp#27;[37mPOST&amp#27;[39m &amp#27;[37m/wd/hub/session/ac8bb9aa-223a-48aa-a8e1-9d0c357dabca/element/be21a53b-952e-4721-9e78-dd5f67b91e94/click&amp#27;[39m
&amp#27;[35m[HTTP]&amp#27;[39m &amp#27;[90m{"id":"be21a53b-952e-4721-9e78-dd5f67b91e94"}&amp#27;[39m
[debug] &amp#27;[35m[W3C (ac8bb9aa)]&amp#27;[39m Calling AppiumDriver.click() with args: ["be21a53b-952e-4721-9e78-dd5f67b91e94","ac8bb9aa-223a-48aa-a8e1-9d0c357dabca"]
[debug] &amp#27;[35m[WD Proxy]&amp#27;[39m Matched '/element/be21a53b-952e-4721-9e78-dd5f67b91e94/click' to command name 'click'
[debug] &amp#27;[35m[WD Proxy]&amp#27;[39m Proxying [POST /element/be21a53b-952e-4721-9e78-dd5f67b91e94/click] to [POST http://127.0.0.1:8200/wd/hub/session/dedb4e09-40b2-4c5d-bb4d-1dd47b432a0c/element/be21a53b-952e-4721-9e78-dd5f67b91e94/click] with body: {"element":"be21a53b-952e-4721-9e78-dd5f67b91e94"}
[debug] &amp#27;[35m[WD Proxy]&amp#27;[39m Got response with status 200: {"sessionId":"dedb4e09-40b2-4c5d-bb4d-1dd47b432a0c","value":null}
[debug] &amp#27;[35m[W3C (ac8bb9aa)]&amp#27;[39m Responding to client with driver.click() result: null
&amp#27;[35m[HTTP]&amp#27;[39m &amp#27;[37m<-- POST /wd/hub/session/ac8bb9aa-223a-48aa-a8e1-9d0c357dabca/element/be21a53b-952e-4721-9e78-dd5f67b91e94/click &amp#27;[39m&amp#27;[32m200&amp#27;[39m &amp#27;[90m1072 ms - 14&amp#27;[39m
&amp#27;[35m[HTTP]&amp#27;[39m &amp#27;[90m&amp#27;[39m
&amp#27;[35m[HTTP]&amp#27;[39m &amp#27;[37m-->&amp#27;[39m &amp#27;[37mGET&amp#27;[39m &amp#27;[37m/wd/hub/session/ac8bb9aa-223a-48aa-a8e1-9d0c357dabca/screenshot&amp#27;[39m
&amp#27;[35m[HTTP]&amp#27;[39m &amp#27;[90m{}&amp#27;[39m
[debug] &amp#27;[35m[W3C (ac8bb9aa)]&amp#27;[39m Calling AppiumDriver.getScreenshot() with args: ["ac8bb9aa-223a-48aa-a8e1-9d0c357dabca"]
[debug] &amp#27;[35m[WD Proxy]&amp#27;[39m Matched '/screenshot' to command name 'getScreenshot'
[debug] &amp#27;[35m[WD Proxy]&amp#27;[39m Proxying [GET /screenshot] to [GET http://127.0.0.1:8200/wd/hub/session/dedb4e09-40b2-4c5d-bb4d-1dd47b432a0c/screenshot] with no body
[debug] &amp#27;[35m[WD Proxy]&amp#27;[39m Got response with status 200: {"sessionId":"dedb4e09-40b2-4c5d-bb4d-1dd47b432a0c","value":"iVBORw0KGgoAAAANSUhEUgAABDgAAAkkCAYAAAD508+vAAAABHNCSVQICAgIfAhkiAAAIABJREFU\neJzs3Xe4FNX9x\/HPbXQuItJBQIoiiCLdAoIKVghiN0SNJsZEMQVLiopKrIn9pyKJRlFjYmJHRFSa\nIooBFJEWBCIgTXq7bff3x7nL3Z27ZWZ3Zmfn8n49z31gZmfOnp09c3bmO6fkhaWwAAAAAAAAAizf\n7wwAAAAAAABkigAHAAAAAAAIPAIcAAAAAAAg8AhwAAAAAACAwCPAAQAAAAAAAo8ABwAAAAAACDwC\nHAAAAAAAIPAIcAAAAAAAgMAjwAEAAAAAAAKPAAcAAAAAAAg8AhwAAAAAACDwCHAAAAAAAIDAI8AB\nAAAAAAACjwAHAAAAAAAIPAIcAAAAAAAg8AhwAAAAAACAwCPAAQAAAAAAAo8ABwAAAAAACDwCHAAA\nAAAAIPAIcAAAAAAAgMAjwAEAAAAAAAKPAAcAAAAAAAg8AhwAAAAAACDwCHAAAAIpJGmB35kAAEkr\nJe3wOxMAAAIcAIDg2Svpr5KekrTN57wAwDuS7pP0jd8ZAYCDXKHfGUBwfSFpZ9TySZLyfMoLAHtK\nJH0WtdxU0lE+5SVduyU9LWlZ5fJ\/JfXxLzsADnL7ZOqh\/ZIekfQLSV18zREAHLwIcCBtcyQtjFo+\nUQQ4gFxXIumFqOUhClaAo0TSM6oKbvST1MO\/7ACA6kq6Xia4sV\/SE5J+Jamdn5kCarBySbtkWnMW\nSqonqWGA0s8V+2Q+4z5JRTJ1WUMF\/36uRgU4PpM0K8U2dSU1kvny2ks6QjWzwAJATROW9IqkxZXL\n3SSNlvlRBgA\/dZJ0uaSJMjcLT0m6WdIhPuXnEUllHqX9C5nraSDblkv6VOYB627La+0k9ZR54Fqc\no+mn8q2kf2Sw\/w1K...
[debug] &amp#27;[35m[W3C (ac8bb9aa)]&amp#27;[39m Responding to client with driver.getScreenshot() result: "iVBORw0KGgoAAAANSUhEUgAABDgAAAkkCAYAAAD508+vAAAABHNCSVQICAgIfAhkiAAAIABJREFU\neJzs3Xe4FNX9x/HPbXQuItJBQIoiiCLdAoIKVghiN0SNJsZEMQVLiopKrIn9pyKJRlFjYmJHRFSa\nIooBFJEWBCIgTXq7bff3x7nL3Z27ZWZ3Zmfn8n49z31gZmfOnp09c3bmO6fkhaWwAAAAAAAAAizf\n7wwAAAAAAABkigAHAAAAAAAIPAIcAAAAAAAg8AhwAAAAAACAwCPAAQAAAAAAAo8ABwAAAAAACDwC\nHAAAAAAAIPAIcAAAAAAAgMAjwAEAAAAAAAKPAAcAAAAAAAg8AhwAAAAAACDwCHAAAAAAAIDAI8AB\nAAAAAAACjwAHAAAAAAAIPAIcAAAAAAAg8AhwAAAAAACAwCPAAQAAAAAAAo8ABwAAAAAACDwCHAAA\nAAAAIPAIcAAAAAAAgMAjwAEAAAAAAAKPAAcAAAAAAAg8AhwAAAAAACDwCHAAAAIpJGmB35kAAEkr\nJe3wOxMAAAIcAIDg2Svpr5KekrTN57wAwDuS7pP0jd8ZAYCDXKHfGUBwfSFpZ9TySZLyfMoLAHtK\nJH0WtdxU0lE+5SVduyU9LWlZ5fJ/JfXxLzsADnL7ZOqh/ZIekfQLSV18zREAHLwIcCBtcyQtjFo+\nUQQ4gFxXIumFqOUhClaAo0TSM6oKbvST1MO/7ACA6kq6Xia4sV/SE5J+Jamdn5kCarBySbtkWnMW\nSqonqWGA0s8V+2Q+4z5JRTJ1WUMF/36uRgU4PpM0K8U2dSU1kvny2ks6QjWzwAJATROW9IqkxZXL\n3SSNlvlRBgA/dZJ0uaSJMjcLT0m6WdIhPuXnEUllHqX9C5nraSDblkv6VOYB627La+0k9ZR54Fqc\no+mn8q2kf2Sw/w1KfU20U9JcSV9KWhHn9RYyD44GSGqVQV78VKMCHHsU/4tKpY+kMyS1cTc7AAAX\nfSppdu...
&amp#27;[35m[HTTP]&amp#27;[39m &amp#27;[37m<-- GET /wd/hub/session/ac8bb9aa-223a-48aa-a8e1-9d0c357dabca/screenshot &amp#27;[39m&amp#27;[32m200&amp#27;[39m &amp#27;[90m442 ms - 204594&amp#27;[39m
&amp#27;[35m[HTTP]&amp#27;[39m &amp#27;[90m&amp#27;[39m
&amp#27;[35m[HTTP]&amp#27;[39m &amp#27;[37m-->&amp#27;[39m &amp#27;[37mPOST&amp#27;[39m &amp#27;[37m/wd/hub/session/ac8bb9aa-223a-48aa-a8e1-9d0c357dabca/elements&amp#27;[39m
&amp#27;[35m[HTTP]&amp#27;[39m &amp#27;[90m{"using":"id","value":"flipboard.app:id/topic_picker_topic_row_topic_tag"}&amp#27;[39m
[debug] &amp#27;[35m[W3C (ac8bb9aa)]&amp#27;[39m Calling AppiumDriver.findElements() with args: ["id","flipboard.app:id/topic_picker_topic_row_topic_tag","ac8bb9aa-223a-48aa-a8e1-9d0c357dabca"]
[debug] &amp#27;[35m[BaseDriver]&amp#27;[39m Valid locator strategies for this request: xpath, id, class name, accessibility id, -android uiautomator
[debug] &amp#27;[35m[BaseDriver]&amp#27;[39m Waiting up to 0 ms for condition
[debug] &amp#27;[35m[WD Proxy]&amp#27;[39m Matched '/elements' to command name 'findElements'
[debug] &amp#27;[35m[WD Proxy]&amp#27;[39m Proxying [POST /elements] to [POST http://127.0.0.1:8200/wd/hub/session/dedb4e09-40b2-4c5d-bb4d-1dd47b432a0c/elements] with body: {"strategy":"id","selector":"flipboard.app:id/topic_picker_topic_row_topic_tag","context":"","multiple":true}
[debug] &amp#27;[35m[WD Proxy]&amp#27;[39m Got response with status 200: {"sessionId":"dedb4e09-40b2-4c5d-bb4d-1dd47b432a0c","value":[{"ELEMENT":"c9d8283b-eb34-4b39-a9e9-e53ca9bcfa8c","element-6066-11e4-a52e-4f735466cecf":"c9d8283b-eb34-4b39-a9e9-e53ca9bcfa8c"},{"ELEMENT":"198c7788-124b-4d01-8c45-99c5a3e07487","element-6066-11e4-a52e-4f735466cecf":"198c7788-124b-4d01-8c45-99c5a3e07487"},{"ELEMENT":"ade85fe2-1867-43fe-883d-a42e78793ef4","element-6066-11e4-a52e-4f735466cecf":"ade85fe2-1867-43fe-883d-a42e78793ef4"},{"ELEMENT":"00bb0cda-9e11-40d2-9723-e2a1bab6cf71","element-6066-11e4-a52e-4f735466cecf":"00bb0cda-9e11-40d2-9723-e2a1bab6cf71"},{"ELEMENT":"72697256-94db-4304-bc8d-7f11ae4475d9","element-6066-11e4-a52e-4f735466cecf":"72697256-94db-4304-bc8d-7f11ae4475d9"},{"ELEMENT":"a6e1dee2-bc0e-471f-9377-288d9e32550e","element-6066-11e4-a52e-4f735466cecf":"a6e1dee2-bc0e-471f-9377-288d9e32550e"},{"ELEMENT":"bb97dbf7-36f2-4d29-a65d-8b1daf193c86","element-6066-11e4-a52e-4f735466cecf":"bb97dbf7-36f2-4d29-a65d-8b1daf193c86"},{"ELEMENT":"7e98ea2c-7c21-4b3a-bf7c-d23f79b77c58","element-6066-...
[debug] &amp#27;[35m[W3C (ac8bb9aa)]&amp#27;[39m Responding to client with driver.findElements() result: [{"element-6066-11e4-a52e-4f735466cecf":"c9d8283b-eb34-4b39-a9e9-e53ca9bcfa8c","ELEMENT":"c9d8283b-eb34-4b39-a9e9-e53ca9bcfa8c"},{"element-6066-11e4-a52e-4f735466cecf":"198c7788-124b-4d01-8c45-99c5a3e07487","ELEMENT":"198c7788-124b-4d01-8c45-99c5a3e07487"},{"element-6066-11e4-a52e-4f735466cecf":"ade85fe2-1867-43fe-883d-a42e78793ef4","ELEMENT":"ade85fe2-1867-43fe-883d-a42e78793ef4"},{"element-6066-11e4-a52e-4f735466cecf":"00bb0cda-9e11-40d2-9723-e2a1bab6cf71","ELEMENT":"00bb0cda-9e11-40d2-9723-e2a1bab6cf71"},{"element-6066-11e4-a52e-4f735466cecf":"72697256-94db-4304-bc8d-7f11ae4475d9","ELEMENT":"72697256-94db-4304-bc8d-7f11ae4475d9"},{"element-6066-11e4-a52e-4f735466cecf":"a6e1dee2-bc0e-471f-9377-288d9e32550e","ELEMENT":"a6e1dee2-bc0e-471f-9377-288d9e32550e"},{"element-6066-11e4-a52e-4f735466cecf":"bb97dbf7-36f2-4d29-a65d-8b1daf193c86","ELEMENT":"bb97dbf7-36f2-4d29-a65d-8b1daf193c86"},{"element-6066-11e4-a52e-4f735466cecf":"7e98ea2c-7c21-4b3a-bf7c-d23f79b77c58","ELEMENT":"7e98ea2c-7c21-4b3a-bf7c-d23f79b77c5...
&amp#27;[35m[HTTP]&amp#27;[39m &amp#27;[37m<-- POST /wd/hub/session/ac8bb9aa-223a-48aa-a8e1-9d0c357dabca/elements &amp#27;[39m&amp#27;[32m200&amp#27;[39m &amp#27;[90m97 ms - 2699&amp#27;[39m
&amp#27;[35m[HTTP]&amp#27;[39m &amp#27;[90m&amp#27;[39m
&amp#27;[35m[HTTP]&amp#27;[39m &amp#27;[37m-->&amp#27;[39m &amp#27;[37mGET&amp#27;[39m &amp#27;[37m/wd/hub/session/ac8bb9aa-223a-48aa-a8e1-9d0c357dabca/element/c9d8283b-eb34-4b39-a9e9-e53ca9bcfa8c/displayed&amp#27;[39m
&amp#27;[35m[HTTP]&amp#27;[39m &amp#27;[90m{}&amp#27;[39m
[debug] &amp#27;[35m[W3C (ac8bb9aa)]&amp#27;[39m Calling AppiumDriver.elementDisplayed() with args: ["c9d8283b-eb34-4b39-a9e9-e53ca9bcfa8c","ac8bb9aa-223a-48aa-a8e1-9d0c357dabca"]
[debug] &amp#27;[35m[WD Proxy]&amp#27;[39m Matched '/element/c9d8283b-eb34-4b39-a9e9-e53ca9bcfa8c/attribute/displayed' to command name 'getAttribute'
[debug] &amp#27;[35m[WD Proxy]&amp#27;[39m Proxying [GET /element/c9d8283b-eb34-4b39-a9e9-e53ca9bcfa8c/attribute/displayed] to [GET http://127.0.0.1:8200/wd/hub/session/dedb4e09-40b2-4c5d-bb4d-1dd47b432a0c/element/c9d8283b-eb34-4b39-a9e9-e53ca9bcfa8c/attribute/displayed] with body: {}
[debug] &amp#27;[35m[WD Proxy]&amp#27;[39m Got response with status 200: {"sessionId":"dedb4e09-40b2-4c5d-bb4d-1dd47b432a0c","value":"true"}
[debug] &amp#27;[35m[W3C (ac8bb9aa)]&amp#27;[39m Responding to client with driver.elementDisplayed() result: true
&amp#27;[35m[HTTP]&amp#27;[39m &amp#27;[37m<-- GET /wd/hub/session/ac8bb9aa-223a-48aa-a8e1-9d0c357dabca/element/c9d8283b-eb34-4b39-a9e9-e53ca9bcfa8c/displayed &amp#27;[39m&amp#27;[32m200&amp#27;[39m &amp#27;[90m28 ms - 14&amp#27;[39m
&amp#27;[35m[HTTP]&amp#27;[39m &amp#27;[90m&amp#27;[39m
&amp#27;[35m[HTTP]&amp#27;[39m &amp#27;[37m-->&amp#27;[39m &amp#27;[37mGET&amp#27;[39m &amp#27;[37m/wd/hub/session/ac8bb9aa-223a-48aa-a8e1-9d0c357dabca/element/c9d8283b-eb34-4b39-a9e9-e53ca9bcfa8c/displayed&amp#27;[39m
&amp#27;[35m[HTTP]&amp#27;[39m &amp#27;[90m{}&amp#27;[39m
[debug] &amp#27;[35m[W3C (ac8bb9aa)]&amp#27;[39m Calling AppiumDriver.elementDisplayed() with args: ["c9d8283b-eb34-4b39-a9e9-e53ca9bcfa8c","ac8bb9aa-223a-48aa-a8e1-9d0c357dabca"]
[debug] &amp#27;[35m[WD Proxy]&amp#27;[39m Matched '/element/c9d8283b-eb34-4b39-a9e9-e53ca9bcfa8c/attribute/displayed' to command name 'getAttribute'
[debug] &amp#27;[35m[WD Proxy]&amp#27;[39m Proxying [GET /element/c9d8283b-eb34-4b39-a9e9-e53ca9bcfa8c/attribute/displayed] to [GET http://127.0.0.1:8200/wd/hub/session/dedb4e09-40b2-4c5d-bb4d-1dd47b432a0c/element/c9d8283b-eb34-4b39-a9e9-e53ca9bcfa8c/attribute/displayed] with body: {}
[debug] &amp#27;[35m[WD Proxy]&amp#27;[39m Got response with status 200: {"sessionId":"dedb4e09-40b2-4c5d-bb4d-1dd47b432a0c","value":"true"}
[debug] &amp#27;[35m[W3C (ac8bb9aa)]&amp#27;[39m Responding to client with driver.elementDisplayed() result: true
&amp#27;[35m[HTTP]&amp#27;[39m &amp#27;[37m<-- GET /wd/hub/session/ac8bb9aa-223a-48aa-a8e1-9d0c357dabca/element/c9d8283b-eb34-4b39-a9e9-e53ca9bcfa8c/displayed &amp#27;[39m&amp#27;[32m200&amp#27;[39m &amp#27;[90m33 ms - 14&amp#27;[39m
&amp#27;[35m[HTTP]&amp#27;[39m &amp#27;[90m&amp#27;[39m
&amp#27;[35m[HTTP]&amp#27;[39m &amp#27;[37m-->&amp#27;[39m &amp#27;[37mGET&amp#27;[39m &amp#27;[37m/wd/hub/session/ac8bb9aa-223a-48aa-a8e1-9d0c357dabca/element/c9d8283b-eb34-4b39-a9e9-e53ca9bcfa8c/displayed&amp#27;[39m
&amp#27;[35m[HTTP]&amp#27;[39m &amp#27;[90m{}&amp#27;[39m
[debug] &amp#27;[35m[W3C (ac8bb9aa)]&amp#27;[39m Calling AppiumDriver.elementDisplayed() with args: ["c9d8283b-eb34-4b39-a9e9-e53ca9bcfa8c","ac8bb9aa-223a-48aa-a8e1-9d0c357dabca"]
[debug] &amp#27;[35m[WD Proxy]&amp#27;[39m Matched '/element/c9d8283b-eb34-4b39-a9e9-e53ca9bcfa8c/attribute/displayed' to command name 'getAttribute'
[debug] &amp#27;[35m[WD Proxy]&amp#27;[39m Proxying [GET /element/c9d8283b-eb34-4b39-a9e9-e53ca9bcfa8c/attribute/displayed] to [GET http://127.0.0.1:8200/wd/hub/session/dedb4e09-40b2-4c5d-bb4d-1dd47b432a0c/element/c9d8283b-eb34-4b39-a9e9-e53ca9bcfa8c/attribute/displayed] with body: {}
[debug] &amp#27;[35m[WD Proxy]&amp#27;[39m Got response with status 200: {"sessionId":"dedb4e09-40b2-4c5d-bb4d-1dd47b432a0c","value":"true"}
[debug] &amp#27;[35m[W3C (ac8bb9aa)]&amp#27;[39m Responding to client with driver.elementDisplayed() result: true
&amp#27;[35m[HTTP]&amp#27;[39m &amp#27;[37m<-- GET /wd/hub/session/ac8bb9aa-223a-48aa-a8e1-9d0c357dabca/element/c9d8283b-eb34-4b39-a9e9-e53ca9bcfa8c/displayed &amp#27;[39m&amp#27;[32m200&amp#27;[39m &amp#27;[90m31 ms - 14&amp#27;[39m
&amp#27;[35m[HTTP]&amp#27;[39m &amp#27;[90m&amp#27;[39m
&amp#27;[35m[HTTP]&amp#27;[39m &amp#27;[37m-->&amp#27;[39m &amp#27;[37mGET&amp#27;[39m &amp#27;[37m/wd/hub/session/ac8bb9aa-223a-48aa-a8e1-9d0c357dabca/element/c9d8283b-eb34-4b39-a9e9-e53ca9bcfa8c/name&amp#27;[39m
&amp#27;[35m[HTTP]&amp#27;[39m &amp#27;[90m{}&amp#27;[39m
[debug] &amp#27;[35m[W3C (ac8bb9aa)]&amp#27;[39m Calling AppiumDriver.getName() with args: ["c9d8283b-eb34-4b39-a9e9-e53ca9bcfa8c","ac8bb9aa-223a-48aa-a8e1-9d0c357dabca"]
[debug] &amp#27;[35m[WD Proxy]&amp#27;[39m Matched '/element/c9d8283b-eb34-4b39-a9e9-e53ca9bcfa8c/name' to command name 'getName'
[debug] &amp#27;[35m[WD Proxy]&amp#27;[39m Proxying [GET /element/c9d8283b-eb34-4b39-a9e9-e53ca9bcfa8c/name] to [GET http://127.0.0.1:8200/wd/hub/session/dedb4e09-40b2-4c5d-bb4d-1dd47b432a0c/element/c9d8283b-eb34-4b39-a9e9-e53ca9bcfa8c/name] with body: {}
[debug] &amp#27;[35m[WD Proxy]&amp#27;[39m Got response with status 200: {"sessionId":"dedb4e09-40b2-4c5d-bb4d-1dd47b432a0c","value":null}
[debug] &amp#27;[35m[W3C (ac8bb9aa)]&amp#27;[39m Responding to client with driver.getName() result: null
&amp#27;[35m[HTTP]&amp#27;[39m &amp#27;[37m<-- GET /wd/hub/session/ac8bb9aa-223a-48aa-a8e1-9d0c357dabca/element/c9d8283b-eb34-4b39-a9e9-e53ca9bcfa8c/name &amp#27;[39m&amp#27;[32m200&amp#27;[39m &amp#27;[90m33 ms - 14&amp#27;[39m
&amp#27;[35m[HTTP]&amp#27;[39m &amp#27;[90m&amp#27;[39m
&amp#27;[35m[HTTP]&amp#27;[39m &amp#27;[37m-->&amp#27;[39m &amp#27;[37mPOST&amp#27;[39m &amp#27;[37m/wd/hub/session/ac8bb9aa-223a-48aa-a8e1-9d0c357dabca/element/c9d8283b-eb34-4b39-a9e9-e53ca9bcfa8c/click&amp#27;[39m
&amp#27;[35m[HTTP]&amp#27;[39m &amp#27;[90m{"id":"c9d8283b-eb34-4b39-a9e9-e53ca9bcfa8c"}&amp#27;[39m
[debug] &amp#27;[35m[W3C (ac8bb9aa)]&amp#27;[39m Calling AppiumDriver.click() with args: ["c9d8283b-eb34-4b39-a9e9-e53ca9bcfa8c","ac8bb9aa-223a-48aa-a8e1-9d0c357dabca"]
[debug] &amp#27;[35m[WD Proxy]&amp#27;[39m Matched '/element/c9d8283b-eb34-4b39-a9e9-e53ca9bcfa8c/click' to command name 'click'
[debug] &amp#27;[35m[WD Proxy]&amp#27;[39m Proxying [POST /element/c9d8283b-eb34-4b39-a9e9-e53ca9bcfa8c/click] to [POST http://127.0.0.1:8200/wd/hub/session/dedb4e09-40b2-4c5d-bb4d-1dd47b432a0c/element/c9d8283b-eb34-4b39-a9e9-e53ca9bcfa8c/click] with body: {"element":"c9d8283b-eb34-4b39-a9e9-e53ca9bcfa8c"}
[debug] &amp#27;[35m[WD Proxy]&amp#27;[39m Got response with status 200: {"sessionId":"dedb4e09-40b2-4c5d-bb4d-1dd47b432a0c","value":null}
[debug] &amp#27;[35m[W3C (ac8bb9aa)]&amp#27;[39m Responding to client with driver.click() result: null
&amp#27;[35m[HTTP]&amp#27;[39m &amp#27;[37m<-- POST /wd/hub/session/ac8bb9aa-223a-48aa-a8e1-9d0c357dabca/element/c9d8283b-eb34-4b39-a9e9-e53ca9bcfa8c/click &amp#27;[39m&amp#27;[32m200&amp#27;[39m &amp#27;[90m61 ms - 14&amp#27;[39m
&amp#27;[35m[HTTP]&amp#27;[39m &amp#27;[90m&amp#27;[39m
&amp#27;[35m[HTTP]&amp#27;[39m &amp#27;[37m-->&amp#27;[39m &amp#27;[37mPOST&amp#27;[39m &amp#27;[37m/wd/hub/session/ac8bb9aa-223a-48aa-a8e1-9d0c357dabca/elements&amp#27;[39m
&amp#27;[35m[HTTP]&amp#27;[39m &amp#27;[90m{"using":"id","value":"flipboard.app:id/topic_picker_topic_row_topic_tag"}&amp#27;[39m
[debug] &amp#27;[35m[W3C (ac8bb9aa)]&amp#27;[39m Calling AppiumDriver.findElements() with args: ["id","flipboard.app:id/topic_picker_topic_row_topic_tag","ac8bb9aa-223a-48aa-a8e1-9d0c357dabca"]
[debug] &amp#27;[35m[BaseDriver]&amp#27;[39m Valid locator strategies for this request: xpath, id, class name, accessibility id, -android uiautomator
[debug] &amp#27;[35m[BaseDriver]&amp#27;[39m Waiting up to 0 ms for condition
[debug] &amp#27;[35m[WD Proxy]&amp#27;[39m Matched '/elements' to command name 'findElements'
[debug] &amp#27;[35m[WD Proxy]&amp#27;[39m Proxying [POST /elements] to [POST http://127.0.0.1:8200/wd/hub/session/dedb4e09-40b2-4c5d-bb4d-1dd47b432a0c/elements] with body: {"strategy":"id","selector":"flipboard.app:id/topic_picker_topic_row_topic_tag","context":"","multiple":true}
[debug] &amp#27;[35m[WD Proxy]&amp#27;[39m Got response with status 200: {"sessionId":"dedb4e09-40b2-4c5d-bb4d-1dd47b432a0c","value":[{"ELEMENT":"d088b547-e95d-4559-9851-8596076e3bc2","element-6066-11e4-a52e-4f735466cecf":"d088b547-e95d-4559-9851-8596076e3bc2"},{"ELEMENT":"56a2e789-2b90-431d-87f2-c9872787074a","element-6066-11e4-a52e-4f735466cecf":"56a2e789-2b90-431d-87f2-c9872787074a"},{"ELEMENT":"b02fd2e8-b938-4b58-bcd7-cb21586cfb36","element-6066-11e4-a52e-4f735466cecf":"b02fd2e8-b938-4b58-bcd7-cb21586cfb36"},{"ELEMENT":"07396be4-dddb-4156-b7b2-6a04ed770d07","element-6066-11e4-a52e-4f735466cecf":"07396be4-dddb-4156-b7b2-6a04ed770d07"},{"ELEMENT":"3b3f14e2-32b2-4456-90a8-c6da4ce1bd33","element-6066-11e4-a52e-4f735466cecf":"3b3f14e2-32b2-4456-90a8-c6da4ce1bd33"},{"ELEMENT":"102dda17-c481-4b70-af0b-9b7a01b6ac38","element-6066-11e4-a52e-4f735466cecf":"102dda17-c481-4b70-af0b-9b7a01b6ac38"},{"ELEMENT":"458c038b-a41b-4dfd-9bb0-2273b8e05b48","element-6066-11e4-a52e-4f735466cecf":"458c038b-a41b-4dfd-9bb0-2273b8e05b48"},{"ELEMENT":"951c1b8d-f9aa-470c-a6d2-72f9baeff682","element-6066-...
[debug] &amp#27;[35m[W3C (ac8bb9aa)]&amp#27;[39m Responding to client with driver.findElements() result: [{"element-6066-11e4-a52e-4f735466cecf":"d088b547-e95d-4559-9851-8596076e3bc2","ELEMENT":"d088b547-e95d-4559-9851-8596076e3bc2"},{"element-6066-11e4-a52e-4f735466cecf":"56a2e789-2b90-431d-87f2-c9872787074a","ELEMENT":"56a2e789-2b90-431d-87f2-c9872787074a"},{"element-6066-11e4-a52e-4f735466cecf":"b02fd2e8-b938-4b58-bcd7-cb21586cfb36","ELEMENT":"b02fd2e8-b938-4b58-bcd7-cb21586cfb36"},{"element-6066-11e4-a52e-4f735466cecf":"07396be4-dddb-4156-b7b2-6a04ed770d07","ELEMENT":"07396be4-dddb-4156-b7b2-6a04ed770d07"},{"element-6066-11e4-a52e-4f735466cecf":"3b3f14e2-32b2-4456-90a8-c6da4ce1bd33","ELEMENT":"3b3f14e2-32b2-4456-90a8-c6da4ce1bd33"},{"element-6066-11e4-a52e-4f735466cecf":"102dda17-c481-4b70-af0b-9b7a01b6ac38","ELEMENT":"102dda17-c481-4b70-af0b-9b7a01b6ac38"},{"element-6066-11e4-a52e-4f735466cecf":"458c038b-a41b-4dfd-9bb0-2273b8e05b48","ELEMENT":"458c038b-a41b-4dfd-9bb0-2273b8e05b48"},{"element-6066-11e4-a52e-4f735466cecf":"951c1b8d-f9aa-470c-a6d2-72f9baeff682","ELEMENT":"951c1b8d-f9aa-470c-a6d2-72f9baeff68...
&amp#27;[35m[HTTP]&amp#27;[39m &amp#27;[37m<-- POST /wd/hub/session/ac8bb9aa-223a-48aa-a8e1-9d0c357dabca/elements &amp#27;[39m&amp#27;[32m200&amp#27;[39m &amp#27;[90m579 ms - 2699&amp#27;[39m
&amp#27;[35m[HTTP]&amp#27;[39m &amp#27;[90m&amp#27;[39m
&amp#27;[35m[HTTP]&amp#27;[39m &amp#27;[37m-->&amp#27;[39m &amp#27;[37mGET&amp#27;[39m &amp#27;[37m/wd/hub/session/ac8bb9aa-223a-48aa-a8e1-9d0c357dabca/element/d088b547-e95d-4559-9851-8596076e3bc2/displayed&amp#27;[39m
&amp#27;[35m[HTTP]&amp#27;[39m &amp#27;[90m{}&amp#27;[39m
[debug] &amp#27;[35m[W3C (ac8bb9aa)]&amp#27;[39m Calling AppiumDriver.elementDisplayed() with args: ["d088b547-e95d-4559-9851-8596076e3bc2","ac8bb9aa-223a-48aa-a8e1-9d0c357dabca"]
[debug] &amp#27;[35m[WD Proxy]&amp#27;[39m Matched '/element/d088b547-e95d-4559-9851-8596076e3bc2/attribute/displayed' to command name 'getAttribute'
[debug] &amp#27;[35m[WD Proxy]&amp#27;[39m Proxying [GET /element/d088b547-e95d-4559-9851-8596076e3bc2/attribute/displayed] to [GET http://127.0.0.1:8200/wd/hub/session/dedb4e09-40b2-4c5d-bb4d-1dd47b432a0c/element/d088b547-e95d-4559-9851-8596076e3bc2/attribute/displayed] with body: {}
[debug] &amp#27;[35m[WD Proxy]&amp#27;[39m Got response with status 200: {"sessionId":"dedb4e09-40b2-4c5d-bb4d-1dd47b432a0c","value":"true"}
[debug] &amp#27;[35m[W3C (ac8bb9aa)]&amp#27;[39m Responding to client with driver.elementDisplayed() result: true
&amp#27;[35m[HTTP]&amp#27;[39m &amp#27;[37m<-- GET /wd/hub/session/ac8bb9aa-223a-48aa-a8e1-9d0c357dabca/element/d088b547-e95d-4559-9851-8596076e3bc2/displayed &amp#27;[39m&amp#27;[32m200&amp#27;[39m &amp#27;[90m30 ms - 14&amp#27;[39m
&amp#27;[35m[HTTP]&amp#27;[39m &amp#27;[90m&amp#27;[39m
&amp#27;[35m[HTTP]&amp#27;[39m &amp#27;[37m-->&amp#27;[39m &amp#27;[37mGET&amp#27;[39m &amp#27;[37m/wd/hub/session/ac8bb9aa-223a-48aa-a8e1-9d0c357dabca/element/56a2e789-2b90-431d-87f2-c9872787074a/displayed&amp#27;[39m
&amp#27;[35m[HTTP]&amp#27;[39m &amp#27;[90m{}&amp#27;[39m
[debug] &amp#27;[35m[W3C (ac8bb9aa)]&amp#27;[39m Calling AppiumDriver.elementDisplayed() with args: ["56a2e789-2b90-431d-87f2-c9872787074a","ac8bb9aa-223a-48aa-a8e1-9d0c357dabca"]
[debug] &amp#27;[35m[WD Proxy]&amp#27;[39m Matched '/element/56a2e789-2b90-431d-87f2-c9872787074a/attribute/displayed' to command name 'getAttribute'
[debug] &amp#27;[35m[WD Proxy]&amp#27;[39m Proxying [GET /element/56a2e789-2b90-431d-87f2-c9872787074a/attribute/displayed] to [GET http://127.0.0.1:8200/wd/hub/session/dedb4e09-40b2-4c5d-bb4d-1dd47b432a0c/element/56a2e789-2b90-431d-87f2-c9872787074a/attribute/displayed] with body: {}
[debug] &amp#27;[35m[WD Proxy]&amp#27;[39m Got response with status 200: {"sessionId":"dedb4e09-40b2-4c5d-bb4d-1dd47b432a0c","value":"true"}
[debug] &amp#27;[35m[W3C (ac8bb9aa)]&amp#27;[39m Responding to client with driver.elementDisplayed() result: true
&amp#27;[35m[HTTP]&amp#27;[39m &amp#27;[37m<-- GET /wd/hub/session/ac8bb9aa-223a-48aa-a8e1-9d0c357dabca/element/56a2e789-2b90-431d-87f2-c9872787074a/displayed &amp#27;[39m&amp#27;[32m200&amp#27;[39m &amp#27;[90m26 ms - 14&amp#27;[39m
&amp#27;[35m[HTTP]&amp#27;[39m &amp#27;[90m&amp#27;[39m
&amp#27;[35m[HTTP]&amp#27;[39m &amp#27;[37m-->&amp#27;[39m &amp#27;[37mGET&amp#27;[39m &amp#27;[37m/wd/hub/session/ac8bb9aa-223a-48aa-a8e1-9d0c357dabca/element/56a2e789-2b90-431d-87f2-c9872787074a/displayed&amp#27;[39m
&amp#27;[35m[HTTP]&amp#27;[39m &amp#27;[90m{}&amp#27;[39m
[debug] &amp#27;[35m[W3C (ac8bb9aa)]&amp#27;[39m Calling AppiumDriver.elementDisplayed() with args: ["56a2e789-2b90-431d-87f2-c9872787074a","ac8bb9aa-223a-48aa-a8e1-9d0c357dabca"]
[debug] &amp#27;[35m[WD Proxy]&amp#27;[39m Matched '/element/56a2e789-2b90-431d-87f2-c9872787074a/attribute/displayed' to command name 'getAttribute'
[debug] &amp#27;[35m[WD Proxy]&amp#27;[39m Proxying [GET /element/56a2e789-2b90-431d-87f2-c9872787074a/attribute/displayed] to [GET http://127.0.0.1:8200/wd/hub/session/dedb4e09-40b2-4c5d-bb4d-1dd47b432a0c/element/56a2e789-2b90-431d-87f2-c9872787074a/attribute/displayed] with body: {}
[debug] &amp#27;[35m[WD Proxy]&amp#27;[39m Got response with status 200: {"sessionId":"dedb4e09-40b2-4c5d-bb4d-1dd47b432a0c","value":"true"}
[debug] &amp#27;[35m[W3C (ac8bb9aa)]&amp#27;[39m Responding to client with driver.elementDisplayed() result: true
&amp#27;[35m[HTTP]&amp#27;[39m &amp#27;[37m<-- GET /wd/hub/session/ac8bb9aa-223a-48aa-a8e1-9d0c357dabca/element/56a2e789-2b90-431d-87f2-c9872787074a/displayed &amp#27;[39m&amp#27;[32m200&amp#27;[39m &amp#27;[90m26 ms - 14&amp#27;[39m
&amp#27;[35m[HTTP]&amp#27;[39m &amp#27;[90m&amp#27;[39m
&amp#27;[35m[HTTP]&amp#27;[39m &amp#27;[37m-->&amp#27;[39m &amp#27;[37mGET&amp#27;[39m &amp#27;[37m/wd/hub/session/ac8bb9aa-223a-48aa-a8e1-9d0c357dabca/element/56a2e789-2b90-431d-87f2-c9872787074a/name&amp#27;[39m
&amp#27;[35m[HTTP]&amp#27;[39m &amp#27;[90m{}&amp#27;[39m
[debug] &amp#27;[35m[W3C (ac8bb9aa)]&amp#27;[39m Calling AppiumDriver.getName() with args: ["56a2e789-2b90-431d-87f2-c9872787074a","ac8bb9aa-223a-48aa-a8e1-9d0c357dabca"]
[debug] &amp#27;[35m[WD Proxy]&amp#27;[39m Matched '/element/56a2e789-2b90-431d-87f2-c9872787074a/name' to command name 'getName'
[debug] &amp#27;[35m[WD Proxy]&amp#27;[39m Proxying [GET /element/56a2e789-2b90-431d-87f2-c9872787074a/name] to [GET http://127.0.0.1:8200/wd/hub/session/dedb4e09-40b2-4c5d-bb4d-1dd47b432a0c/element/56a2e789-2b90-431d-87f2-c9872787074a/name] with body: {}
[debug] &amp#27;[35m[WD Proxy]&amp#27;[39m Got response with status 200: {"sessionId":"dedb4e09-40b2-4c5d-bb4d-1dd47b432a0c","value":null}
[debug] &amp#27;[35m[W3C (ac8bb9aa)]&amp#27;[39m Responding to client with driver.getName() result: null
&amp#27;[35m[HTTP]&amp#27;[39m &amp#27;[37m<-- GET /wd/hub/session/ac8bb9aa-223a-48aa-a8e1-9d0c357dabca/element/56a2e789-2b90-431d-87f2-c9872787074a/name &amp#27;[39m&amp#27;[32m200&amp#27;[39m &amp#27;[90m25 ms - 14&amp#27;[39m
&amp#27;[35m[HTTP]&amp#27;[39m &amp#27;[90m&amp#27;[39m
&amp#27;[35m[HTTP]&amp#27;[39m &amp#27;[37m-->&amp#27;[39m &amp#27;[37mPOST&amp#27;[39m &amp#27;[37m/wd/hub/session/ac8bb9aa-223a-48aa-a8e1-9d0c357dabca/element/56a2e789-2b90-431d-87f2-c9872787074a/click&amp#27;[39m
&amp#27;[35m[HTTP]&amp#27;[39m &amp#27;[90m{"id":"56a2e789-2b90-431d-87f2-c9872787074a"}&amp#27;[39m
[debug] &amp#27;[35m[W3C (ac8bb9aa)]&amp#27;[39m Calling AppiumDriver.click() with args: ["56a2e789-2b90-431d-87f2-c9872787074a","ac8bb9aa-223a-48aa-a8e1-9d0c357dabca"]
[debug] &amp#27;[35m[WD Proxy]&amp#27;[39m Matched '/element/56a2e789-2b90-431d-87f2-c9872787074a/click' to command name 'click'
[debug] &amp#27;[35m[WD Proxy]&amp#27;[39m Proxying [POST /element/56a2e789-2b90-431d-87f2-c9872787074a/click] to [POST http://127.0.0.1:8200/wd/hub/session/dedb4e09-40b2-4c5d-bb4d-1dd47b432a0c/element/56a2e789-2b90-431d-87f2-c9872787074a/click] with body: {"element":"56a2e789-2b90-431d-87f2-c9872787074a"}
[debug] &amp#27;[35m[WD Proxy]&amp#27;[39m Got response with status 200: {"sessionId":"dedb4e09-40b2-4c5d-bb4d-1dd47b432a0c","value":null}
[debug] &amp#27;[35m[W3C (ac8bb9aa)]&amp#27;[39m Responding to client with driver.click() result: null
&amp#27;[35m[HTTP]&amp#27;[39m &amp#27;[37m<-- POST /wd/hub/session/ac8bb9aa-223a-48aa-a8e1-9d0c357dabca/element/56a2e789-2b90-431d-87f2-c9872787074a/click &amp#27;[39m&amp#27;[32m200&amp#27;[39m &amp#27;[90m47 ms - 14&amp#27;[39m
&amp#27;[35m[HTTP]&amp#27;[39m &amp#27;[90m&amp#27;[39m
&amp#27;[35m[HTTP]&amp#27;[39m &amp#27;[37m-->&amp#27;[39m &amp#27;[37mPOST&amp#27;[39m &amp#27;[37m/wd/hub/session/ac8bb9aa-223a-48aa-a8e1-9d0c357dabca/elements&amp#27;[39m
&amp#27;[35m[HTTP]&amp#27;[39m &amp#27;[90m{"using":"id","value":"flipboard.app:id/topic_picker_topic_row_topic_tag"}&amp#27;[39m
[debug] &amp#27;[35m[W3C (ac8bb9aa)]&amp#27;[39m Calling AppiumDriver.findElements() with args: ["id","flipboard.app:id/topic_picker_topic_row_topic_tag","ac8bb9aa-223a-48aa-a8e1-9d0c357dabca"]
[debug] &amp#27;[35m[BaseDriver]&amp#27;[39m Valid locator strategies for this request: xpath, id, class name, accessibility id, -android uiautomator
[debug] &amp#27;[35m[BaseDriver]&amp#27;[39m Waiting up to 0 ms for condition
[debug] &amp#27;[35m[WD Proxy]&amp#27;[39m Matched '/elements' to command name 'findElements'
[debug] &amp#27;[35m[WD Proxy]&amp#27;[39m Proxying [POST /elements] to [POST http://127.0.0.1:8200/wd/hub/session/dedb4e09-40b2-4c5d-bb4d-1dd47b432a0c/elements] with body: {"strategy":"id","selector":"flipboard.app:id/topic_picker_topic_row_topic_tag","context":"","multiple":true}
[debug] &amp#27;[35m[WD Proxy]&amp#27;[39m Got response with status 200: {"sessionId":"dedb4e09-40b2-4c5d-bb4d-1dd47b432a0c","value":[{"ELEMENT":"ae390216-243b-4538-9736-e879b3d393e8","element-6066-11e4-a52e-4f735466cecf":"ae390216-243b-4538-9736-e879b3d393e8"},{"ELEMENT":"b28357c6-e733-45f5-952a-aab257e62982","element-6066-11e4-a52e-4f735466cecf":"b28357c6-e733-45f5-952a-aab257e62982"},{"ELEMENT":"40bf292d-2c2f-4e2e-bd12-d96af519df3a","element-6066-11e4-a52e-4f735466cecf":"40bf292d-2c2f-4e2e-bd12-d96af519df3a"},{"ELEMENT":"01426995-0e60-4b27-96c4-1e7de1303761","element-6066-11e4-a52e-4f735466cecf":"01426995-0e60-4b27-96c4-1e7de1303761"},{"ELEMENT":"b0e215b4-91bc-4d50-8efe-d9ae5da3599d","element-6066-11e4-a52e-4f735466cecf":"b0e215b4-91bc-4d50-8efe-d9ae5da3599d"},{"ELEMENT":"32dd7928-0d4a-43c2-b621-ccd8a4d3a13c","element-6066-11e4-a52e-4f735466cecf":"32dd7928-0d4a-43c2-b621-ccd8a4d3a13c"},{"ELEMENT":"015ad026-bdc5-49d3-91c0-609a4a7aef93","element-6066-11e4-a52e-4f735466cecf":"015ad026-bdc5-49d3-91c0-609a4a7aef93"},{"ELEMENT":"0625d156-c4f1-46fe-b580-0847ded17bba","element-6066-...
[debug] &amp#27;[35m[W3C (ac8bb9aa)]&amp#27;[39m Responding to client with driver.findElements() result: [{"element-6066-11e4-a52e-4f735466cecf":"ae390216-243b-4538-9736-e879b3d393e8","ELEMENT":"ae390216-243b-4538-9736-e879b3d393e8"},{"element-6066-11e4-a52e-4f735466cecf":"b28357c6-e733-45f5-952a-aab257e62982","ELEMENT":"b28357c6-e733-45f5-952a-aab257e62982"},{"element-6066-11e4-a52e-4f735466cecf":"40bf292d-2c2f-4e2e-bd12-d96af519df3a","ELEMENT":"40bf292d-2c2f-4e2e-bd12-d96af519df3a"},{"element-6066-11e4-a52e-4f735466cecf":"01426995-0e60-4b27-96c4-1e7de1303761","ELEMENT":"01426995-0e60-4b27-96c4-1e7de1303761"},{"element-6066-11e4-a52e-4f735466cecf":"b0e215b4-91bc-4d50-8efe-d9ae5da3599d","ELEMENT":"b0e215b4-91bc-4d50-8efe-d9ae5da3599d"},{"element-6066-11e4-a52e-4f735466cecf":"32dd7928-0d4a-43c2-b621-ccd8a4d3a13c","ELEMENT":"32dd7928-0d4a-43c2-b621-ccd8a4d3a13c"},{"element-6066-11e4-a52e-4f735466cecf":"015ad026-bdc5-49d3-91c0-609a4a7aef93","ELEMENT":"015ad026-bdc5-49d3-91c0-609a4a7aef93"},{"element-6066-11e4-a52e-4f735466cecf":"0625d156-c4f1-46fe-b580-0847ded17bba","ELEMENT":"0625d156-c4f1-46fe-b580-0847ded17bb...
&amp#27;[35m[HTTP]&amp#27;[39m &amp#27;[37m<-- POST /wd/hub/session/ac8bb9aa-223a-48aa-a8e1-9d0c357dabca/elements &amp#27;[39m&amp#27;[32m200&amp#27;[39m &amp#27;[90m575 ms - 2699&amp#27;[39m
&amp#27;[35m[HTTP]&amp#27;[39m &amp#27;[90m&amp#27;[39m
&amp#27;[35m[HTTP]&amp#27;[39m &amp#27;[37m-->&amp#27;[39m &amp#27;[37mGET&amp#27;[39m &amp#27;[37m/wd/hub/session/ac8bb9aa-223a-48aa-a8e1-9d0c357dabca/element/ae390216-243b-4538-9736-e879b3d393e8/displayed&amp#27;[39m
&amp#27;[35m[HTTP]&amp#27;[39m &amp#27;[90m{}&amp#27;[39m
[debug] &amp#27;[35m[W3C (ac8bb9aa)]&amp#27;[39m Calling AppiumDriver.elementDisplayed() with args: ["ae390216-243b-4538-9736-e879b3d393e8","ac8bb9aa-223a-48aa-a8e1-9d0c357dabca"]
[debug] &amp#27;[35m[WD Proxy]&amp#27;[39m Matched '/element/ae390216-243b-4538-9736-e879b3d393e8/attribute/displayed' to command name 'getAttribute'
[debug] &amp#27;[35m[WD Proxy]&amp#27;[39m Proxying [GET /element/ae390216-243b-4538-9736-e879b3d393e8/attribute/displayed] to [GET http://127.0.0.1:8200/wd/hub/session/dedb4e09-40b2-4c5d-bb4d-1dd47b432a0c/element/ae390216-243b-4538-9736-e879b3d393e8/attribute/displayed] with body: {}
[debug] &amp#27;[35m[WD Proxy]&amp#27;[39m Got response with status 200: {"sessionId":"dedb4e09-40b2-4c5d-bb4d-1dd47b432a0c","value":"true"}
[debug] &amp#27;[35m[W3C (ac8bb9aa)]&amp#27;[39m Responding to client with driver.elementDisplayed() result: true
&amp#27;[35m[HTTP]&amp#27;[39m &amp#27;[37m<-- GET /wd/hub/session/ac8bb9aa-223a-48aa-a8e1-9d0c357dabca/element/ae390216-243b-4538-9736-e879b3d393e8/displayed &amp#27;[39m&amp#27;[32m200&amp#27;[39m &amp#27;[90m25 ms - 14&amp#27;[39m
&amp#27;[35m[HTTP]&amp#27;[39m &amp#27;[90m&amp#27;[39m
&amp#27;[35m[HTTP]&amp#27;[39m &amp#27;[37m-->&amp#27;[39m &amp#27;[37mGET&amp#27;[39m &amp#27;[37m/wd/hub/session/ac8bb9aa-223a-48aa-a8e1-9d0c357dabca/element/40bf292d-2c2f-4e2e-bd12-d96af519df3a/displayed&amp#27;[39m
&amp#27;[35m[HTTP]&amp#27;[39m &amp#27;[90m{}&amp#27;[39m
[debug] &amp#27;[35m[W3C (ac8bb9aa)]&amp#27;[39m Calling AppiumDriver.elementDisplayed() with args: ["40bf292d-2c2f-4e2e-bd12-d96af519df3a","ac8bb9aa-223a-48aa-a8e1-9d0c357dabca"]
[debug] &amp#27;[35m[WD Proxy]&amp#27;[39m Matched '/element/40bf292d-2c2f-4e2e-bd12-d96af519df3a/attribute/displayed' to command name 'getAttribute'
[debug] &amp#27;[35m[WD Proxy]&amp#27;[39m Proxying [GET /element/40bf292d-2c2f-4e2e-bd12-d96af519df3a/attribute/displayed] to [GET http://127.0.0.1:8200/wd/hub/session/dedb4e09-40b2-4c5d-bb4d-1dd47b432a0c/element/40bf292d-2c2f-4e2e-bd12-d96af519df3a/attribute/displayed] with body: {}
[debug] &amp#27;[35m[WD Proxy]&amp#27;[39m Got response with status 200: {"sessionId":"dedb4e09-40b2-4c5d-bb4d-1dd47b432a0c","value":"true"}
[debug] &amp#27;[35m[W3C (ac8bb9aa)]&amp#27;[39m Responding to client with driver.elementDisplayed() result: true
&amp#27;[35m[HTTP]&amp#27;[39m &amp#27;[37m<-- GET /wd/hub/session/ac8bb9aa-223a-48aa-a8e1-9d0c357dabca/element/40bf292d-2c2f-4e2e-bd12-d96af519df3a/displayed &amp#27;[39m&amp#27;[32m200&amp#27;[39m &amp#27;[90m24 ms - 14&amp#27;[39m
&amp#27;[35m[HTTP]&amp#27;[39m &amp#27;[90m&amp#27;[39m
&amp#27;[35m[HTTP]&amp#27;[39m &amp#27;[37m-->&amp#27;[39m &amp#27;[37mGET&amp#27;[39m &amp#27;[37m/wd/hub/session/ac8bb9aa-223a-48aa-a8e1-9d0c357dabca/element/40bf292d-2c2f-4e2e-bd12-d96af519df3a/displayed&amp#27;[39m
&amp#27;[35m[HTTP]&amp#27;[39m &amp#27;[90m{}&amp#27;[39m
[debug] &amp#27;[35m[W3C (ac8bb9aa)]&amp#27;[39m Calling AppiumDriver.elementDisplayed() with args: ["40bf292d-2c2f-4e2e-bd12-d96af519df3a","ac8bb9aa-223a-48aa-a8e1-9d0c357dabca"]
[debug] &amp#27;[35m[WD Proxy]&amp#27;[39m Matched '/element/40bf292d-2c2f-4e2e-bd12-d96af519df3a/attribute/displayed' to command name 'getAttribute'
[debug] &amp#27;[35m[WD Proxy]&amp#27;[39m Proxying [GET /element/40bf292d-2c2f-4e2e-bd12-d96af519df3a/attribute/displayed] to [GET http://127.0.0.1:8200/wd/hub/session/dedb4e09-40b2-4c5d-bb4d-1dd47b432a0c/element/40bf292d-2c2f-4e2e-bd12-d96af519df3a/attribute/displayed] with body: {}
[debug] &amp#27;[35m[WD Proxy]&amp#27;[39m Got response with status 200: {"sessionId":"dedb4e09-40b2-4c5d-bb4d-1dd47b432a0c","value":"true"}
[debug] &amp#27;[35m[W3C (ac8bb9aa)]&amp#27;[39m Responding to client with driver.elementDisplayed() result: true
&amp#27;[35m[HTTP]&amp#27;[39m &amp#27;[37m<-- GET /wd/hub/session/ac8bb9aa-223a-48aa-a8e1-9d0c357dabca/element/40bf292d-2c2f-4e2e-bd12-d96af519df3a/displayed &amp#27;[39m&amp#27;[32m200&amp#27;[39m &amp#27;[90m23 ms - 14&amp#27;[39m
&amp#27;[35m[HTTP]&amp#27;[39m &amp#27;[90m&amp#27;[39m
&amp#27;[35m[HTTP]&amp#27;[39m &amp#27;[37m-->&amp#27;[39m &amp#27;[37mGET&amp#27;[39m &amp#27;[37m/wd/hub/session/ac8bb9aa-223a-48aa-a8e1-9d0c357dabca/element/40bf292d-2c2f-4e2e-bd12-d96af519df3a/name&amp#27;[39m
&amp#27;[35m[HTTP]&amp#27;[39m &amp#27;[90m{}&amp#27;[39m
[debug] &amp#27;[35m[W3C (ac8bb9aa)]&amp#27;[39m Calling AppiumDriver.getName() with args: ["40bf292d-2c2f-4e2e-bd12-d96af519df3a","ac8bb9aa-223a-48aa-a8e1-9d0c357dabca"]
[debug] &amp#27;[35m[WD Proxy]&amp#27;[39m Matched '/element/40bf292d-2c2f-4e2e-bd12-d96af519df3a/name' to command name 'getName'
[debug] &amp#27;[35m[WD Proxy]&amp#27;[39m Proxying [GET /element/40bf292d-2c2f-4e2e-bd12-d96af519df3a/name] to [GET http://127.0.0.1:8200/wd/hub/session/dedb4e09-40b2-4c5d-bb4d-1dd47b432a0c/element/40bf292d-2c2f-4e2e-bd12-d96af519df3a/name] with body: {}
[debug] &amp#27;[35m[WD Proxy]&amp#27;[39m Got response with status 200: {"sessionId":"dedb4e09-40b2-4c5d-bb4d-1dd47b432a0c","value":null}
[debug] &amp#27;[35m[W3C (ac8bb9aa)]&amp#27;[39m Responding to client with driver.getName() result: null
&amp#27;[35m[HTTP]&amp#27;[39m &amp#27;[37m<-- GET /wd/hub/session/ac8bb9aa-223a-48aa-a8e1-9d0c357dabca/element/40bf292d-2c2f-4e2e-bd12-d96af519df3a/name &amp#27;[39m&amp#27;[32m200&amp#27;[39m &amp#27;[90m24 ms - 14&amp#27;[39m
&amp#27;[35m[HTTP]&amp#27;[39m &amp#27;[90m&amp#27;[39m
&amp#27;[35m[HTTP]&amp#27;[39m &amp#27;[37m-->&amp#27;[39m &amp#27;[37mPOST&amp#27;[39m &amp#27;[37m/wd/hub/session/ac8bb9aa-223a-48aa-a8e1-9d0c357dabca/element/40bf292d-2c2f-4e2e-bd12-d96af519df3a/click&amp#27;[39m
&amp#27;[35m[HTTP]&amp#27;[39m &amp#27;[90m{"id":"40bf292d-2c2f-4e2e-bd12-d96af519df3a"}&amp#27;[39m
[debug] &amp#27;[35m[W3C (ac8bb9aa)]&amp#27;[39m Calling AppiumDriver.click() with args: ["40bf292d-2c2f-4e2e-bd12-d96af519df3a","ac8bb9aa-223a-48aa-a8e1-9d0c357dabca"]
[debug] &amp#27;[35m[WD Proxy]&amp#27;[39m Matched '/element/40bf292d-2c2f-4e2e-bd12-d96af519df3a/click' to command name 'click'
[...]
[debug] &amp#27;[35m[W3C (12c88338)]&amp#27;[39m Responding to client with driver.findElement() result: {"element-6066-11e4-a52e-4f735466cecf":"89db2109-939c-4afb-80c5-b5cefa6783d3","ELEMENT":"89db2109-939c-4afb-80c5-b5cefa6783d3"}
&amp#27;[35m[HTTP]&amp#27;[39m &amp#27;[37m<-- POST /wd/hub/session/12c88338-ef35-4aaa-910c-9a0e3f90175b/element &amp#27;[39m&amp#27;[32m200&amp#27;[39m &amp#27;[90m67 ms - 137&amp#27;[39m
&amp#27;[35m[HTTP]&amp#27;[39m &amp#27;[90m&amp#27;[39m
&amp#27;[35m[HTTP]&amp#27;[39m &amp#27;[37m-->&amp#27;[39m &amp#27;[37mPOST&amp#27;[39m &amp#27;[37m/wd/hub/session/12c88338-ef35-4aaa-910c-9a0e3f90175b/timeouts&amp#27;[39m
&amp#27;[35m[HTTP]&amp#27;[39m &amp#27;[90m{"implicit":2000}&amp#27;[39m
[debug] &amp#27;[35m[W3C (12c88338)]&amp#27;[39m Calling AppiumDriver.timeouts() with args: [null,null,null,null,2000,"12c88338-ef35-4aaa-910c-9a0e3f90175b"]
[debug] &amp#27;[35m[BaseDriver]&amp#27;[39m W3C timeout argument: {"implicit":2000}}
[debug] &amp#27;[35m[BaseDriver]&amp#27;[39m Set implicit wait to 2000ms
[debug] &amp#27;[35m[W3C (12c88338)]&amp#27;[39m Responding to client with driver.timeouts() result: null
&amp#27;[35m[HTTP]&amp#27;[39m &amp#27;[37m<-- POST /wd/hub/session/12c88338-ef35-4aaa-910c-9a0e3f90175b/timeouts &amp#27;[39m&amp#27;[32m200&amp#27;[39m &amp#27;[90m1 ms - 14&amp#27;[39m
&amp#27;[35m[HTTP]&amp#27;[39m &amp#27;[90m&amp#27;[39m
&amp#27;[35m[HTTP]&amp#27;[39m &amp#27;[37m-->&amp#27;[39m &amp#27;[37mGET&amp#27;[39m &amp#27;[37m/wd/hub/session/12c88338-ef35-4aaa-910c-9a0e3f90175b/element/89db2109-939c-4afb-80c5-b5cefa6783d3/displayed&amp#27;[39m
&amp#27;[35m[HTTP]&amp#27;[39m &amp#27;[90m{}&amp#27;[39m
[debug] &amp#27;[35m[W3C (12c88338)]&amp#27;[39m Calling AppiumDriver.elementDisplayed() with args: ["89db2109-939c-4afb-80c5-b5cefa6783d3","12c88338-ef35-4aaa-910c-9a0e3f90175b"]
[debug] &amp#27;[35m[WD Proxy]&amp#27;[39m Matched '/element/89db2109-939c-4afb-80c5-b5cefa6783d3/attribute/displayed' to command name 'getAttribute'
[debug] &amp#27;[35m[WD Proxy]&amp#27;[39m Proxying [GET /element/89db2109-939c-4afb-80c5-b5cefa6783d3/attribute/displayed] to [GET http://127.0.0.1:8200/wd/hub/session/151310d9-6959-429a-b63d-ff3d10b5cbf8/element/89db2109-939c-4afb-80c5-b5cefa6783d3/attribute/displayed] with body: {}
[debug] &amp#27;[35m[WD Proxy]&amp#27;[39m Got response with status 200: {"sessionId":"151310d9-6959-429a-b63d-ff3d10b5cbf8","value":"true"}
[debug] &amp#27;[35m[W3C (12c88338)]&amp#27;[39m Responding to client with driver.elementDisplayed() result: true
&amp#27;[35m[HTTP]&amp#27;[39m &amp#27;[37m<-- GET /wd/hub/session/12c88338-ef35-4aaa-910c-9a0e3f90175b/element/89db2109-939c-4afb-80c5-b5cefa6783d3/displayed &amp#27;[39m&amp#27;[32m200&amp#27;[39m &amp#27;[90m25 ms - 14&amp#27;[39m
&amp#27;[35m[HTTP]&amp#27;[39m &amp#27;[90m&amp#27;[39m
&amp#27;[35m[HTTP]&amp#27;[39m &amp#27;[37m-->&amp#27;[39m &amp#27;[37mPOST&amp#27;[39m &amp#27;[37m/wd/hub/session/12c88338-ef35-4aaa-910c-9a0e3f90175b/timeouts&amp#27;[39m
&amp#27;[35m[HTTP]&amp#27;[39m &amp#27;[90m{"implicit":0}&amp#27;[39m
[debug] &amp#27;[35m[W3C (12c88338)]&amp#27;[39m Calling AppiumDriver.timeouts() with args: [null,null,null,null,0,"12c88338-ef35-4aaa-910c-9a0e3f90175b"]
[debug] &amp#27;[35m[BaseDriver]&amp#27;[39m W3C timeout argument: {"implicit":0}}
[debug] &amp#27;[35m[BaseDriver]&amp#27;[39m Set implicit wait to 0ms
[debug] &amp#27;[35m[W3C (12c88338)]&amp#27;[39m Responding to client with driver.timeouts() result: null
&amp#27;[35m[HTTP]&amp#27;[39m &amp#27;[37m<-- POST /wd/hub/session/12c88338-ef35-4aaa-910c-9a0e3f90175b/timeouts &amp#27;[39m&amp#27;[32m200&amp#27;[39m &amp#27;[90m1 ms - 14&amp#27;[39m
&amp#27;[35m[HTTP]&amp#27;[39m &amp#27;[90m&amp#27;[39m
&amp#27;[35m[HTTP]&amp#27;[39m &amp#27;[37m-->&amp#27;[39m &amp#27;[37mPOST&amp#27;[39m &amp#27;[37m/wd/hub/session/12c88338-ef35-4aaa-910c-9a0e3f90175b/element&amp#27;[39m
&amp#27;[35m[HTTP]&amp#27;[39m &amp#27;[90m{"using":"id","value":"flipboard.app:id/search_result_general_title_text"}&amp#27;[39m
[debug] &amp#27;[35m[W3C (12c88338)]&amp#27;[39m Calling AppiumDriver.findElement() with args: ["id","flipboard.app:id/search_result_general_title_text","12c88338-ef35-4aaa-910c-9a0e3f90175b"]
[debug] &amp#27;[35m[BaseDriver]&amp#27;[39m Valid locator strategies for this request: xpath, id, class name, accessibility id, -android uiautomator
[debug] &amp#27;[35m[BaseDriver]&amp#27;[39m Waiting up to 0 ms for condition
[debug] &amp#27;[35m[WD Proxy]&amp#27;[39m Matched '/element' to command name 'findElement'
[debug] &amp#27;[35m[WD Proxy]&amp#27;[39m Proxying [POST /element] to [POST http://127.0.0.1:8200/wd/hub/session/151310d9-6959-429a-b63d-ff3d10b5cbf8/element] with body: {"strategy":"id","selector":"flipboard.app:id/search_result_general_title_text","context":"","multiple":false}
[debug] &amp#27;[35m[WD Proxy]&amp#27;[39m Got response with status 200: {"sessionId":"151310d9-6959-429a-b63d-ff3d10b5cbf8","value":{"ELEMENT":"8754d33d-1957-43dc-9aed-ea9166f7a5f4","element-6066-11e4-a52e-4f735466cecf":"8754d33d-1957-43dc-9aed-ea9166f7a5f4"}}
[debug] &amp#27;[35m[W3C (12c88338)]&amp#27;[39m Responding to client with driver.findElement() result: {"element-6066-11e4-a52e-4f735466cecf":"8754d33d-1957-43dc-9aed-ea9166f7a5f4","ELEMENT":"8754d33d-1957-43dc-9aed-ea9166f7a5f4"}
&amp#27;[35m[HTTP]&amp#27;[39m &amp#27;[37m<-- POST /wd/hub/session/12c88338-ef35-4aaa-910c-9a0e3f90175b/element &amp#27;[39m&amp#27;[32m200&amp#27;[39m &amp#27;[90m63 ms - 137&amp#27;[39m
&amp#27;[35m[HTTP]&amp#27;[39m &amp#27;[90m&amp#27;[39m
&amp#27;[35m[HTTP]&amp#27;[39m &amp#27;[37m-->&amp#27;[39m &amp#27;[37mPOST&amp#27;[39m &amp#27;[37m/wd/hub/session/12c88338-ef35-4aaa-910c-9a0e3f90175b/timeouts&amp#27;[39m
&amp#27;[35m[HTTP]&amp#27;[39m &amp#27;[90m{"implicit":2000}&amp#27;[39m
[debug] &amp#27;[35m[W3C (12c88338)]&amp#27;[39m Calling AppiumDriver.timeouts() with args: [null,null,null,null,2000,"12c88338-ef35-4aaa-910c-9a0e3f90175b"]
[debug] &amp#27;[35m[BaseDriver]&amp#27;[39m W3C timeout argument: {"implicit":2000}}
[debug] &amp#27;[35m[BaseDriver]&amp#27;[39m Set implicit wait to 2000ms
[debug] &amp#27;[35m[W3C (12c88338)]&amp#27;[39m Responding to client with driver.timeouts() result: null
&amp#27;[35m[HTTP]&amp#27;[39m &amp#27;[37m<-- POST /wd/hub/session/12c88338-ef35-4aaa-910c-9a0e3f90175b/timeouts &amp#27;[39m&amp#27;[32m200&amp#27;[39m &amp#27;[90m2 ms - 14&amp#27;[39m
&amp#27;[35m[HTTP]&amp#27;[39m &amp#27;[90m&amp#27;[39m
&amp#27;[35m[HTTP]&amp#27;[39m &amp#27;[37m-->&amp#27;[39m &amp#27;[37mGET&amp#27;[39m &amp#27;[37m/wd/hub/session/12c88338-ef35-4aaa-910c-9a0e3f90175b/element/8754d33d-1957-43dc-9aed-ea9166f7a5f4/displayed&amp#27;[39m
&amp#27;[35m[HTTP]&amp#27;[39m &amp#27;[90m{}&amp#27;[39m
[debug] &amp#27;[35m[W3C (12c88338)]&amp#27;[39m Calling AppiumDriver.elementDisplayed() with args: ["8754d33d-1957-43dc-9aed-ea9166f7a5f4","12c88338-ef35-4aaa-910c-9a0e3f90175b"]
[debug] &amp#27;[35m[WD Proxy]&amp#27;[39m Matched '/element/8754d33d-1957-43dc-9aed-ea9166f7a5f4/attribute/displayed' to command name 'getAttribute'
[debug] &amp#27;[35m[WD Proxy]&amp#27;[39m Proxying [GET /element/8754d33d-1957-43dc-9aed-ea9166f7a5f4/attribute/displayed] to [GET http://127.0.0.1:8200/wd/hub/session/151310d9-6959-429a-b63d-ff3d10b5cbf8/element/8754d33d-1957-43dc-9aed-ea9166f7a5f4/attribute/displayed] with body: {}
[debug] &amp#27;[35m[WD Proxy]&amp#27;[39m Got response with status 200: {"sessionId":"151310d9-6959-429a-b63d-ff3d10b5cbf8","value":"true"}
[debug] &amp#27;[35m[W3C (12c88338)]&amp#27;[39m Responding to client with driver.elementDisplayed() result: true
&amp#27;[35m[HTTP]&amp#27;[39m &amp#27;[37m<-- GET /wd/hub/session/12c88338-ef35-4aaa-910c-9a0e3f90175b/element/8754d33d-1957-43dc-9aed-ea9166f7a5f4/displayed &amp#27;[39m&amp#27;[32m200&amp#27;[39m &amp#27;[90m21 ms - 14&amp#27;[39m
&amp#27;[35m[HTTP]&amp#27;[39m &amp#27;[90m&amp#27;[39m
&amp#27;[35m[HTTP]&amp#27;[39m &amp#27;[37m-->&amp#27;[39m &amp#27;[37mPOST&amp#27;[39m &amp#27;[37m/wd/hub/session/12c88338-ef35-4aaa-910c-9a0e3f90175b/element&amp#27;[39m
&amp#27;[35m[HTTP]&amp#27;[39m &amp#27;[90m{"using":"id","value":"flipboard.app:id/search_result_general_title_text"}&amp#27;[39m
[debug] &amp#27;[35m[W3C (12c88338)]&amp#27;[39m Calling AppiumDriver.findElement() with args: ["id","flipboard.app:id/search_result_general_title_text","12c88338-ef35-4aaa-910c-9a0e3f90175b"]
[debug] &amp#27;[35m[BaseDriver]&amp#27;[39m Valid locator strategies for this request: xpath, id, class name, accessibility id, -android uiautomator
[debug] &amp#27;[35m[BaseDriver]&amp#27;[39m Waiting up to 2000 ms for condition
[debug] &amp#27;[35m[WD Proxy]&amp#27;[39m Matched '/element' to command name 'findElement'
[debug] &amp#27;[35m[WD Proxy]&amp#27;[39m Proxying [POST /element] to [POST http://127.0.0.1:8200/wd/hub/session/151310d9-6959-429a-b63d-ff3d10b5cbf8/element] with body: {"strategy":"id","selector":"flipboard.app:id/search_result_general_title_text","context":"","multiple":false}
[debug] &amp#27;[35m[WD Proxy]&amp#27;[39m Got response with status 200: {"sessionId":"151310d9-6959-429a-b63d-ff3d10b5cbf8","value":{"ELEMENT":"75cf7873-a716-48ab-aa30-aedfec3a0ad2","element-6066-11e4-a52e-4f735466cecf":"75cf7873-a716-48ab-aa30-aedfec3a0ad2"}}
[debug] &amp#27;[35m[W3C (12c88338)]&amp#27;[39m Responding to client with driver.findElement() result: {"element-6066-11e4-a52e-4f735466cecf":"75cf7873-a716-48ab-aa30-aedfec3a0ad2","ELEMENT":"75cf7873-a716-48ab-aa30-aedfec3a0ad2"}
&amp#27;[35m[HTTP]&amp#27;[39m &amp#27;[37m<-- POST /wd/hub/session/12c88338-ef35-4aaa-910c-9a0e3f90175b/element &amp#27;[39m&amp#27;[32m200&amp#27;[39m &amp#27;[90m54 ms - 137&amp#27;[39m
&amp#27;[35m[HTTP]&amp#27;[39m &amp#27;[90m&amp#27;[39m
&amp#27;[35m[HTTP]&amp#27;[39m &amp#27;[37m-->&amp#27;[39m &amp#27;[37mGET&amp#27;[39m &amp#27;[37m/wd/hub/session/12c88338-ef35-4aaa-910c-9a0e3f90175b/element/75cf7873-a716-48ab-aa30-aedfec3a0ad2/displayed&amp#27;[39m
&amp#27;[35m[HTTP]&amp#27;[39m &amp#27;[90m{}&amp#27;[39m
[debug] &amp#27;[35m[W3C (12c88338)]&amp#27;[39m Calling AppiumDriver.elementDisplayed() with args: ["75cf7873-a716-48ab-aa30-aedfec3a0ad2","12c88338-ef35-4aaa-910c-9a0e3f90175b"]
[debug] &amp#27;[35m[WD Proxy]&amp#27;[39m Matched '/element/75cf7873-a716-48ab-aa30-aedfec3a0ad2/attribute/displayed' to command name 'getAttribute'
[debug] &amp#27;[35m[WD Proxy]&amp#27;[39m Proxying [GET /element/75cf7873-a716-48ab-aa30-aedfec3a0ad2/attribute/displayed] to [GET http://127.0.0.1:8200/wd/hub/session/151310d9-6959-429a-b63d-ff3d10b5cbf8/element/75cf7873-a716-48ab-aa30-aedfec3a0ad2/attribute/displayed] with body: {}
[debug] &amp#27;[35m[WD Proxy]&amp#27;[39m Got response with status 200: {"sessionId":"151310d9-6959-429a-b63d-ff3d10b5cbf8","value":"true"}
[debug] &amp#27;[35m[W3C (12c88338)]&amp#27;[39m Responding to client with driver.elementDisplayed() result: true
&amp#27;[35m[HTTP]&amp#27;[39m &amp#27;[37m<-- GET /wd/hub/session/12c88338-ef35-4aaa-910c-9a0e3f90175b/element/75cf7873-a716-48ab-aa30-aedfec3a0ad2/displayed &amp#27;[39m&amp#27;[32m200&amp#27;[39m &amp#27;[90m31 ms - 14&amp#27;[39m
&amp#27;[35m[HTTP]&amp#27;[39m &amp#27;[90m&amp#27;[39m
&amp#27;[35m[HTTP]&amp#27;[39m &amp#27;[37m-->&amp#27;[39m &amp#27;[37mGET&amp#27;[39m &amp#27;[37m/wd/hub/session/12c88338-ef35-4aaa-910c-9a0e3f90175b/element/75cf7873-a716-48ab-aa30-aedfec3a0ad2/text&amp#27;[39m
&amp#27;[35m[HTTP]&amp#27;[39m &amp#27;[90m{}&amp#27;[39m
&amp#27;[35m[W3C (12c88338)]&amp#27;[39m Driver proxy active, passing request on via HTTP proxy
[debug] &amp#27;[35m[WD Proxy]&amp#27;[39m Matched '/wd/hub/session/12c88338-ef35-4aaa-910c-9a0e3f90175b/element/75cf7873-a716-48ab-aa30-aedfec3a0ad2/text' to command name 'getText'
[debug] &amp#27;[35m[WD Proxy]&amp#27;[39m Proxying [GET /wd/hub/session/12c88338-ef35-4aaa-910c-9a0e3f90175b/element/75cf7873-a716-48ab-aa30-aedfec3a0ad2/text] to [GET http://127.0.0.1:8200/wd/hub/session/151310d9-6959-429a-b63d-ff3d10b5cbf8/element/75cf7873-a716-48ab-aa30-aedfec3a0ad2/text] with body: {}
[debug] &amp#27;[35m[WD Proxy]&amp#27;[39m Got response with status 200: {"sessionId":"151310d9-6959-429a-b63d-ff3d10b5cbf8","value":"Android News"}
&amp#27;[35m[WD Proxy]&amp#27;[39m Replacing sessionId 151310d9-6959-429a-b63d-ff3d10b5cbf8 with 12c88338-ef35-4aaa-910c-9a0e3f90175b
&amp#27;[35m[HTTP]&amp#27;[39m &amp#27;[37m<-- GET /wd/hub/session/12c88338-ef35-4aaa-910c-9a0e3f90175b/element/75cf7873-a716-48ab-aa30-aedfec3a0ad2/text &amp#27;[39m&amp#27;[32m200&amp#27;[39m &amp#27;[90m22 ms - 75&amp#27;[39m
&amp#27;[35m[HTTP]&amp#27;[39m &amp#27;[90m&amp#27;[39m
&amp#27;[35m[HTTP]&amp#27;[39m &amp#27;[37m-->&amp#27;[39m &amp#27;[37mGET&amp#27;[39m &amp#27;[37m/wd/hub/session/12c88338-ef35-4aaa-910c-9a0e3f90175b/screenshot&amp#27;[39m
&amp#27;[35m[HTTP]&amp#27;[39m &amp#27;[90m{}&amp#27;[39m
[debug] &amp#27;[35m[W3C (12c88338)]&amp#27;[39m Calling AppiumDriver.getScreenshot() with args: ["12c88338-ef35-4aaa-910c-9a0e3f90175b"]
[debug] &amp#27;[35m[WD Proxy]&amp#27;[39m Matched '/screenshot' to command name 'getScreenshot'
[debug] &amp#27;[35m[WD Proxy]&amp#27;[39m Proxying [GET /screenshot] to [GET http://127.0.0.1:8200/wd/hub/session/151310d9-6959-429a-b63d-ff3d10b5cbf8/screenshot] with no body
[debug] &amp#27;[35m[WD Proxy]&amp#27;[39m Got response with status 200: {"sessionId":"151310d9-6959-429a-b63d-ff3d10b5cbf8","value":"iVBORw0KGgoAAAANSUhEUgAABDgAAAkkCAYAAAD508+vAAAABHNCSVQICAgIfAhkiAAAIABJREFU\neJzs3Xl4HOWB7\/ufWrtsS7YlWbaxsfECNsZmsw2YA0kIYGACWe9JuJnJZLIHSHIy5+ZJZjL3PGfO\nDIfJzZlMiJOQhCRkh+AEYgYSE0IwELMZMBi8sHiVjS1LsrW3ZEnd94+3W6oq9VLd6u7qV\/p+nkeP\nXa3q6lfVVW9X\/+pdSqJSVAAAAAAAABYLBV0AAAAAAACA8SLgAAAAAAAA1iPgAAAAAAAA1iPgAAAA\nAAAA1iPgAAAAAAAA1iPgAAAAAAAA1iPgAAAAAAAA1iPgAAAAAAAA1iPgAAAAAAAA1iPgAAAAAAAA\n1iPgAAAAAAAA1iPgAAAAAAAA1iPgAAAAAAAA1iPgAAAAAAAA1iPgAAAAAAAA1iPgAAAAAAAA1iPg\nAAAAAAAA1iPgAAAAAAAA1iPgAAAAAAAA1iPgAAAAAAAA1iPgAAAAAAAA1iPgAAAAAAAA1iPgAAAA\nAAAA1iPgAABYKSJpe9CFAABJeyV1Bl0IAAABBwDAPn2SfiTpe5JOBlwWAPi9pK9J2hd0QQBgkisL\nugCw18uSuhzL\/0VSSUBlAeDPgKTnHMuNkpYFVJZs9Uj6gaTXYstvSloTXHEATHJhmXqoX9Ltkm6W\ndGagJQKAyYuAA1l7StJLjuVLRcABFLsBSb9wLF8huwKOAUk\/1mi4cZGkVcEVBwBULelzMuFGv6Tv\nSvqipAVBFgqYwIYkdcu05iyTVCNpmkXbLxa9sZ9TkiolTZWpz2w3oQKO5yQ9kWadakl1MgfpQkmL\nNDEPWACYaKKSNkraGVteIelvJJUHViIAMJZI+ltJd8q06PiepC9Lmh5QeW6XNJinbd+sifElCPZ5\nXdKzMjdYezy\/WyDpfJ...
[debug] &amp#27;[35m[W3C (12c88338)]&amp#27;[39m Responding to client with driver.getScreenshot() result: "iVBORw0KGgoAAAANSUhEUgAABDgAAAkkCAYAAAD508+vAAAABHNCSVQICAgIfAhkiAAAIABJREFU\neJzs3Xl4HOWB7/ufWrtsS7YlWbaxsfECNsZmsw2YA0kIYGACWe9JuJnJZLIHSHIy5+ZJZjL3PGfO\nDIfJzZlMiJOQhCRkh+AEYgYSE0IwELMZMBi8sHiVjS1LsrW3ZEnd94+3W6oq9VLd6u7qV/p+nkeP\nXa3q6lfVVW9X/+pdSqJSVAAAAAAAABYLBV0AAAAAAACA8SLgAAAAAAAA1iPgAAAAAAAA1iPgAAAA\nAAAA1iPgAAAAAAAA1iPgAAAAAAAA1iPgAAAAAAAA1iPgAAAAAAAA1iPgAAAAAAAA1iPgAAAAAAAA\n1iPgAAAAAAAA1iPgAAAAAAAA1iPgAAAAAAAA1iPgAAAAAAAA1iPgAAAAAAAA1iPgAAAAAAAA1iPg\nAAAAAAAA1iPgAAAAAAAA1iPgAAAAAAAA1iPgAAAAAAAA1iPgAAAAAAAA1iPgAAAAAAAA1iPgAAAA\nAAAA1iPgAABYKSJpe9CFAABJeyV1Bl0IAAABBwDAPn2SfiTpe5JOBlwWAPi9pK9J2hd0QQBgkisL\nugCw18uSuhzL/0VSSUBlAeDPgKTnHMuNkpYFVJZs9Uj6gaTXYstvSloTXHEATHJhmXqoX9Ltkm6W\ndGagJQKAyYuAA1l7StJLjuVLRcABFLsBSb9wLF8huwKOAUk/1mi4cZGkVcEVBwBULelzMuFGv6Tv\nSvqipAVBFgqYwIYkdcu05iyTVCNpmkXbLxa9sZ9TkiolTZWpz2w3oQKO5yQ9kWadakl1MgfpQkmL\nNDEPWACYaKKSNkraGVteIelvJJUHViIAMJZI+ltJd8q06PiepC9Lmh5QeW6XNJinbd+sifElCPZ5\nXdKzMjdYezy/WyDpfJkbrrVFuv10miX9ehzP/4LSXxN1SXpGZgyzRF3qlkq6UKZl7NRxlCVIEyrg\n6JX0Rh...
&amp#27;[35m[HTTP]&amp#27;[39m &amp#27;[37m<-- GET /wd/hub/session/12c88338-ef35-4aaa-910c-9a0e3f90175b/screenshot &amp#27;[39m&amp#27;[32m200&amp#27;[39m &amp#27;[90m457 ms - 188686&amp#27;[39m
&amp#27;[35m[HTTP]&amp#27;[39m &amp#27;[90m&amp#27;[39m
&amp#27;[35m[HTTP]&amp#27;[39m &amp#27;[37m-->&amp#27;[39m &amp#27;[37mGET&amp#27;[39m &amp#27;[37m/wd/hub/session/12c88338-ef35-4aaa-910c-9a0e3f90175b/source&amp#27;[39m
&amp#27;[35m[HTTP]&amp#27;[39m &amp#27;[90m{}&amp#27;[39m
&amp#27;[35m[W3C (12c88338)]&amp#27;[39m Driver proxy active, passing request on via HTTP proxy
[debug] &amp#27;[35m[WD Proxy]&amp#27;[39m Matched '/wd/hub/session/12c88338-ef35-4aaa-910c-9a0e3f90175b/source' to command name 'getPageSource'
[debug] &amp#27;[35m[WD Proxy]&amp#27;[39m Proxying [GET /wd/hub/session/12c88338-ef35-4aaa-910c-9a0e3f90175b/source] to [GET http://127.0.0.1:8200/wd/hub/session/151310d9-6959-429a-b63d-ff3d10b5cbf8/source] with body: {}
[debug] &amp#27;[35m[WD Proxy]&amp#27;[39m Got response with status 200: {"sessionId":"151310d9-6959-429a-b63d-ff3d10b5cbf8","value":"<?xml version='1.0' encoding='UTF-8' standalone='yes' ?>\r\n<hierarchy index=\"0\" class=\"hierarchy\" rotation=\"0\" width=\"1080\" height=\"2214\">\r\n  <android.widget.FrameLayout index=\"0\" package=\"flipboard.app\" class=\"android.widget.FrameLayout\" text=\"\" checkable=\"false\" checked=\"false\" clickable=\"false\" enabled=\"true\" focusable=\"false\" focused=\"false\" long-clickable=\"false\" password=\"false\" scrollable=\"false\" selected=\"false\" bounds=\"[0,0][1080,2214]\" displayed=\"true\">\r\n    <android.widget.LinearLayout index=\"0\" package=\"flipboard.app\" class=\"android.widget.LinearLayout\" text=\"\" checkable=\"false\" checked=\"false\" clickable=\"false\" enabled=\"true\" focusable=\"false\" focused=\"false\" long-clickable=\"false\" password=\"false\" scrollable=\"false\" selected=\"false\" bounds=\"[0,0][1080,2214]\" displayed=\"true\">\r\n      <android.widget.FrameLayout index=\"0\" package=\"flipboard.app\" class...
&amp#27;[35m[WD Proxy]&amp#27;[39m Replacing sessionId 151310d9-6959-429a-b63d-ff3d10b5cbf8 with 12c88338-ef35-4aaa-910c-9a0e3f90175b
&amp#27;[35m[HTTP]&amp#27;[39m &amp#27;[37m<-- GET /wd/hub/session/12c88338-ef35-4aaa-910c-9a0e3f90175b/source &amp#27;[39m&amp#27;[32m200&amp#27;[39m &amp#27;[90m703 ms - 27460&amp#27;[39m
&amp#27;[35m[HTTP]&amp#27;[39m &amp#27;[90m&amp#27;[39m
]]></system-out>
    <system-err><![CDATA[[main] ERROR net.thucydides.core.steps.ConsoleLoggingListener - 
           __  _____ _____ ____ _____   _____ _    ___ _     _____ ____  
  _       / / |_   _| ____/ ___|_   _| |  ___/ \  |_ _| |   | ____|  _ \ 
 (_)_____| |    | | |  _| \___ \ | |   | |_ / _ \  | || |   |  _| | | | |
  _|_____| |    | | | |___ ___) || |   |  _/ ___ \ | || |___| |___| |_| |
 (_)     | |    |_| |_____|____/ |_|   |_|/_/   \_\___|_____|_____|____/ 
          \_\                                                            

TEST FAILED: Search Item Test
--------------------------------------------------------------------------
[main] ERROR net.thucydides.core.steps.ConsoleLoggingListener - TEST FAILED AT STEP Verifying searched text iphone
[main] ERROR net.thucydides.core.steps.ConsoleLoggingListener - 
Jul 04, 2020 12:53:07 AM io.appium.java_client.remote.AppiumCommandExecutor$1 lambda$0
INFO: Detected dialect: W3C
[main] INFO net.thucydides.core.steps.ConsoleLoggingListener - Test Suite Started: Search item test
[main] INFO net.thucydides.core.steps.ConsoleLoggingListener - 
 _____ _____ ____ _____   ____ _____  _    ____ _____ _____ ____  
|_   _| ____/ ___|_   _| / ___|_   _|/ \  |  _ \_   _| ____|  _ \ 
  | | |  _| \___ \ | |   \___ \ | | / _ \ | |_) || | |  _| | | | |
  | | | |___ ___) || |    ___) || |/ ___ \|  _ < | | | |___| |_| |
  |_| |_____|____/ |_|   |____/ |_/_/   \_\_| \_\|_| |_____|____/ 
                                                                  

TEST STARTED: searchItemTest[2]
-------------------------------------------------------------------
[main] INFO net.serenitybdd.core.Serenity - TEST NUMBER: 4
]]></system-err>
  </testcase>
</testsuite>