<?xml version="1.0" encoding="UTF-8"?>
<!-- Generated by org.testng.reporters.JUnitXMLReporter -->
<testsuite hostname="LAPTOP-TUN1U03P" ignored="0" name="Car Name and Price Test" tests="3" failures="0" timestamp="06 Nov 2021 15:34:45 GMT" time="24.765" errors="0">
  <testcase name="carNameAndPrice" time="7.016" classname="testcases.CarNameAndPriceTest"/>
  <testcase name="carNameAndPrice" time="8.308" classname="testcases.CarNameAndPriceTest"/>
  <testcase name="carNameAndPrice" time="7.214" classname="testcases.CarNameAndPriceTest"/>
</testsuite> <!-- Car Name and Price Test -->
