<?xml version="1.0" encoding="UTF-8"?>
<!-- Generated by org.testng.reporters.JUnitXMLReporter -->
<testsuite hostname="LAPTOP-TUN1U03P" ignored="0" name="Find New Car Test" tests="3" failures="0" timestamp="06 Nov 2021 15:34:20 GMT" time="22.35" errors="0">
  <testcase name="findNewCar" time="8.056" classname="testcases.FindNewCarTest"/>
  <testcase name="findNewCar" time="5.87" classname="testcases.FindNewCarTest"/>
  <testcase name="findNewCar" time="6.21" classname="testcases.FindNewCarTest"/>
</testsuite> <!-- Find New Car Test -->
