<?xml version="1.0" encoding="UTF-8"?>
<!-- Generated by org.testng.reporters.JUnitXMLReporter -->
<testsuite hostname="DESKTOP-FNF69NB" name="AddCustomerTest" tests="2" failures="0" timestamp="16 May 2017 17:34:44 GMT" time="0.275" errors="0">
  <testcase name="addCustomerTest" time="0.107" classname="com.w2a.suite.customer.testcases.AddCustomerTest"/>
  <testcase name="addCustomerTest" time="0.099" classname="com.w2a.suite.customer.testcases.AddCustomerTest">
    <skipped/>
  </testcase> <!-- addCustomerTest -->
</testsuite> <!-- AddCustomerTest -->
