<?xml version="1.0" encoding="UTF-8"?>
<!-- Generated by org.testng.reporters.JUnitXMLReporter -->
<testsuite hostname="DESKTOP-FNF69NB" name="OpenAccountTest" tests="4" failures="0" timestamp="16 May 2017 17:34:44 GMT" time="0.196" errors="0">
  <testcase name="openAccountTest" time="0.035" classname="com.w2a.suite.customer.testcases.OpenAccountTest">
    <skipped/>
  </testcase> <!-- openAccountTest -->
  <testcase name="openAccountTest" time="0.052" classname="com.w2a.suite.customer.testcases.OpenAccountTest"/>
  <testcase name="openAccountTest" time="0.043" classname="com.w2a.suite.customer.testcases.OpenAccountTest"/>
  <testcase name="openAccountTest" time="0.038" classname="com.w2a.suite.customer.testcases.OpenAccountTest">
    <skipped/>
  </testcase> <!-- openAccountTest -->
</testsuite> <!-- OpenAccountTest -->
