<?xml version="1.0" encoding="UTF-8"?>
<!-- Generated by org.testng.reporters.JUnitXMLReporter -->
<testsuite hostname="DESKTOP-FNF69NB" name="AddCustomerTest" tests="2" failures="0" timestamp="16 May 2017 17:34:43 GMT" time="0.759" errors="0">
  <testcase name="addCustomerTest" time="0.076" classname="com.w2a.suite.bankmanager.testcases.AddCustomerTest"/>
  <testcase name="addCustomerTest" time="0.057" classname="com.w2a.suite.bankmanager.testcases.AddCustomerTest">
    <skipped/>
  </testcase> <!-- addCustomerTest -->
</testsuite> <!-- AddCustomerTest -->
