<?xml version="1.0" encoding="UTF-8"?>
<!-- Generated by org.testng.reporters.JUnitXMLReporter -->
<testsuite hostname="DESKTOP-FNF69NB" name="OpenAccountTest" tests="4" failures="0" timestamp="16 May 2017 17:34:43 GMT" time="0.26" errors="0">
  <testcase name="openAccountTest" time="0.046" classname="com.w2a.suite.bankmanager.testcases.OpenAccountTest"/>
  <testcase name="openAccountTest" time="0.063" classname="com.w2a.suite.bankmanager.testcases.OpenAccountTest"/>
  <testcase name="openAccountTest" time="0.06" classname="com.w2a.suite.bankmanager.testcases.OpenAccountTest"/>
  <testcase name="openAccountTest" time="0.05" classname="com.w2a.suite.bankmanager.testcases.OpenAccountTest">
    <skipped/>
  </testcase> <!-- openAccountTest -->
</testsuite> <!-- OpenAccountTest -->
