<?xml version="1.0" encoding="UTF-8"?>
<!-- Generated by org.testng.reporters.JUnitXMLReporter -->
<testsuite hostname="DESKTOP-FNF69NB" name="Default test" tests="4" failures="0" timestamp="16 May 2017 17:26:39 GMT" time="0.936" errors="0">
  <testcase name="openAccountTest" time="0.126" classname="com.w2a.suite.customer.testcases.OpenAccountTest"/>
  <testcase name="openAccountTest" time="0.06" classname="com.w2a.suite.customer.testcases.OpenAccountTest"/>
  <testcase name="openAccountTest" time="0.058" classname="com.w2a.suite.customer.testcases.OpenAccountTest"/>
  <testcase name="openAccountTest" time="0.058" classname="com.w2a.suite.customer.testcases.OpenAccountTest"/>
</testsuite> <!-- Default test -->
