<?xml version="1.0" encoding="UTF-8"?>
<!-- Generated by org.testng.reporters.JUnitXMLReporter -->
<testsuite hostname="DESKTOP-FNF69NB" ignored="0" name="Sign in Test" tests="2" failures="0" timestamp="21 Dec 2017 10:22:23 GMT" time="33.933" errors="0">
  <testcase name="signInTest" time="0.015" classname="com.w2a.testcases.SignInTest">
    <skipped/>
  </testcase> <!-- signInTest -->
  <testcase name="signInTest" time="32.071" classname="com.w2a.testcases.SignInTest"/>
</testsuite> <!-- Sign in Test -->
