<?xml version="1.0" encoding="UTF-8"?>
<testng-results skipped="0" failed="0" total="2" passed="2">
  <reporter-output>
  </reporter-output>
  <suite name="Suite" duration-ms="40153" started-at="2018-06-28T11:49:00Z" finished-at="2018-06-28T11:49:40Z">
    <groups>
    </groups>
    <test name="Test" duration-ms="40153" started-at="2018-06-28T11:49:00Z" finished-at="2018-06-28T11:49:40Z">
      <class name="com.w2a.cucumber.zoho.runners.ValidateCRMFeatureRunner">
        <test-method status="PASS" signature="runCukes()[pri:0, instance:com.w2a.cucumber.zoho.runners.ValidateCRMFeatureRunner@7a79be86]" name="runCukes" duration-ms="40138" started-at="2018-06-28T17:19:00Z" finished-at="2018-06-28T17:19:40Z">
          <reporter-output>
          </reporter-output>
        </test-method> <!-- runCukes -->
      </class> <!-- com.w2a.cucumber.zoho.runners.ValidateCRMFeatureRunner -->
      <class name="com.w2a.cucumber.zoho.runners.LoginFeatureRunner">
        <test-method status="PASS" signature="runCukes()[pri:0, instance:com.w2a.cucumber.zoho.runners.LoginFeatureRunner@3b6eb2ec]" name="runCukes" duration-ms="39756" started-at="2018-06-28T17:19:00Z" finished-at="2018-06-28T17:19:40Z">
          <reporter-output>
          </reporter-output>
        </test-method> <!-- runCukes -->
      </class> <!-- com.w2a.cucumber.zoho.runners.LoginFeatureRunner -->
    </test> <!-- Test -->
  </suite> <!-- Suite -->
</testng-results>
