<!DOCTYPE html PUBLIC "-//W3C//DTD XHTML 1.1//EN" "http://www.w3.org/TR/xhtml11/DTD/xhtml11.dtd">
<html xmlns="http://www.w3.org/1999/xhtml"><head><title>TestNG Report</title><style type="text/css">table {margin-bottom:10px;border-collapse:collapse;empty-cells:show}th,td {border:1px solid #009;padding:.25em .5em}th {vertical-align:bottom}td {vertical-align:top}table a {font-weight:bold}.stripe td {background-color: #E6EBF9}.num {text-align:right}.passedodd td {background-color: #3F3}.passedeven td {background-color: #0A0}.skippedodd td {background-color: #DDD}.skippedeven td {background-color: #CCC}.failedodd td,.attn {background-color: #F33}.failedeven td,.stripe .attn {background-color: #D00}.stacktrace {white-space:pre;font-family:monospace}.totop {font-size:85%;text-align:center;border-bottom:2px solid #000}</style></head><body><table><tr><th>Test</th><th># Passed</th><th># Skipped</th><th># Failed</th><th>Time (ms)</th><th>Included Groups</th><th>Excluded Groups</th></tr><tr><th colspan="7">BankManagerSuite</th></tr><tr><td><a href="#t0">AddCustomerTest</a></td><td class="num">3</td><td class="num">0</td><td class="num">0</td><td class="num">44,540</td><td></td><td></td></tr><tr class="stripe"><td><a href="#t1">OpenAccountTest</a></td><td class="num">0</td><td class="num">0</td><td class="num attn">3</td><td class="num">54,511</td><td></td><td></td></tr><tr><th>Total</th><th class="num">3</th><th class="num">0</th><th class="num attn">3</th><th class="num">99,051</th><th colspan="2"></th></tr></table><table id='summary'><thead><tr><th>Class</th><th>Method</th><th>Start</th><th>Time (ms)</th></tr></thead><tbody><tr><th colspan="4">BankManagerSuite</th></tr></tbody><tbody id="t0"><tr><th colspan="4">AddCustomerTest &#8212; passed</th></tr><tr class="passedeven"><td rowspan="3">com.w2a.suite.bankmanager.testcases.AddCustomerTest</td><td><a href="#m0">addCustomerTest</a></td><td rowspan="3">1501073916062</td><td rowspan="3">42648</td></tr><tr class="passedeven"><td><a href="#m1">addCustomerTest</a></td></tr><tr class="passedeven"><td><a href="#m2">addCustomerTest</a></td></tr></tbody><tbody id="t1"><tr><th colspan="4">OpenAccountTest &#8212; failed</th></tr><tr class="failedeven"><td rowspan="3">com.w2a.suite.bankmanager.testcases.OpenAccountTest</td><td><a href="#m3">openAccountTest</a></td><td rowspan="3">1501073916062</td><td rowspan="3">44267</td></tr><tr class="failedeven"><td><a href="#m4">openAccountTest</a></td></tr><tr class="failedeven"><td><a href="#m5">openAccountTest</a></td></tr></tbody></table><h2>AddCustomerTest</h2><h3 id="m0">com.w2a.suite.bankmanager.testcases.AddCustomerTest#addCustomerTest</h3><table class="result"><tr class="param"><th>Parameter #1</th></tr><tr class="param stripe"><td>{browser=firefox, postcode=D53434, Runmode=Y, lastname=Smith, firstname=Tom}</td></tr></table><p class="totop"><a href="#summary">back to summary</a></p><h3 id="m1">com.w2a.suite.bankmanager.testcases.AddCustomerTest#addCustomerTest</h3><table class="result"><tr class="param"><th>Parameter #1</th></tr><tr class="param stripe"><td>{browser=chrome, postcode=A234324, Runmode=Y, lastname=Arora, firstname=Raman}</td></tr></table><p class="totop"><a href="#summary">back to summary</a></p><h3 id="m2">com.w2a.suite.bankmanager.testcases.AddCustomerTest#addCustomerTest</h3><table class="result"><tr class="param"><th>Parameter #1</th></tr><tr class="param stripe"><td>{browser=firefox, postcode=D53434, Runmode=Y, lastname=Arora, firstname=Rahul}</td></tr></table><p class="totop"><a href="#summary">back to summary</a></p><h2>OpenAccountTest</h2><h3 id="m3">com.w2a.suite.bankmanager.testcases.OpenAccountTest#openAccountTest</h3><table class="result"><tr class="param"><th>Parameter #1</th></tr><tr class="param stripe"><td>{currency=Rupee, browser=chrome, Runmode=Y, customer=Harry Potter}</td></tr><tr><th>Exception</th></tr><tr><td><div class="stacktrace">java.lang.AssertionError: Failing while clicking on an Elementprocess_CSS
	at com.w2a.datadriven.base.TestBase.reportFailure(TestBase.java:218)
	at com.w2a.datadriven.base.TestBase.click(TestBase.java:243)
	at com.w2a.suite.bankmanager.testcases.OpenAccountTest.openAccountTest(OpenAccountTest.java:34)
	at java.util.concurrent.FutureTask.run(FutureTask.java:266)
	at java.util.concurrent.Executors$RunnableAdapter.call(Executors.java:511)
	at java.util.concurrent.FutureTask.run(FutureTask.java:266)
	at java.util.concurrent.ThreadPoolExecutor.runWorker(ThreadPoolExecutor.java:1142)
	at java.util.concurrent.ThreadPoolExecutor$Worker.run(ThreadPoolExecutor.java:617)
	at java.lang.Thread.run(Thread.java:745)
... Removed 10 stack frames</div></td></tr></table><p class="totop"><a href="#summary">back to summary</a></p><h3 id="m4">com.w2a.suite.bankmanager.testcases.OpenAccountTest#openAccountTest</h3><table class="result"><tr class="param"><th>Parameter #1</th></tr><tr class="param stripe"><td>{currency=Pound, browser=firefox, Runmode=Y, customer=Hermoine Granger}</td></tr><tr><th>Exception</th></tr><tr><td><div class="stacktrace">java.lang.AssertionError: Failing while clicking on an Elementprocess_CSS
	at com.w2a.datadriven.base.TestBase.reportFailure(TestBase.java:218)
	at com.w2a.datadriven.base.TestBase.click(TestBase.java:243)
	at com.w2a.suite.bankmanager.testcases.OpenAccountTest.openAccountTest(OpenAccountTest.java:34)
	at java.util.concurrent.FutureTask.run(FutureTask.java:266)
	at java.util.concurrent.Executors$RunnableAdapter.call(Executors.java:511)
	at java.util.concurrent.FutureTask.run(FutureTask.java:266)
	at java.util.concurrent.ThreadPoolExecutor.runWorker(ThreadPoolExecutor.java:1142)
	at java.util.concurrent.ThreadPoolExecutor$Worker.run(ThreadPoolExecutor.java:617)
	at java.lang.Thread.run(Thread.java:745)
... Removed 10 stack frames</div></td></tr></table><p class="totop"><a href="#summary">back to summary</a></p><h3 id="m5">com.w2a.suite.bankmanager.testcases.OpenAccountTest#openAccountTest</h3><table class="result"><tr class="param"><th>Parameter #1</th></tr><tr class="param stripe"><td>{currency=Dollar, browser=chrome, Runmode=Y, customer=Ron Weasly}</td></tr><tr><th>Exception</th></tr><tr><td><div class="stacktrace">java.lang.AssertionError: Failing while clicking on an Elementprocess_CSS
	at com.w2a.datadriven.base.TestBase.reportFailure(TestBase.java:218)
	at com.w2a.datadriven.base.TestBase.click(TestBase.java:243)
	at com.w2a.suite.bankmanager.testcases.OpenAccountTest.openAccountTest(OpenAccountTest.java:34)
	at java.util.concurrent.FutureTask.run(FutureTask.java:266)
	at java.util.concurrent.Executors$RunnableAdapter.call(Executors.java:511)
	at java.util.concurrent.FutureTask.run(FutureTask.java:266)
	at java.util.concurrent.ThreadPoolExecutor.runWorker(ThreadPoolExecutor.java:1142)
	at java.util.concurrent.ThreadPoolExecutor$Worker.run(ThreadPoolExecutor.java:617)
	at java.lang.Thread.run(Thread.java:745)
... Removed 10 stack frames</div></td></tr></table><p class="totop"><a href="#summary">back to summary</a></p></body></html>