<?xml version="1.0" encoding="UTF-8"?>
<!-- Generated by org.testng.reporters.JUnitXMLReporter -->
<testsuite hostname="DESKTOP-FNF69NB" ignored="0" name="AddCustomerTest" tests="3" failures="0" timestamp="26 Jul 2017 12:38:35 GMT" time="53.097" errors="0">
  <testcase name="addCustomerTest" time="43.088" classname="com.w2a.suite.bankmanager.testcases.AddCustomerTest"/>
  <testcase name="addCustomerTest" time="51.686" classname="com.w2a.suite.bankmanager.testcases.AddCustomerTest"/>
  <testcase name="addCustomerTest" time="51.869" classname="com.w2a.suite.bankmanager.testcases.AddCustomerTest"/>
</testsuite> <!-- AddCustomerTest -->
